[11:20:31.497 [Information] : fib dup rot + ; 0 variable ! 1 1 10 0 do dup 1 and if drop else variable 1 - ? swap drop + variable ! drop drop then fib loop .

[11:20:31.515 [Information] 0
inc sp1
tos1 to 2nd
mem to tos1
[11:20:31.515 [Information] variable
inc sp1
tos1 to 2nd
mem to tos1
[11:20:31.515 [Information] !
reload main
to mem
[11:20:31.515 [Information] 1
inc sp1
tos1 to 2nd
mem to tos1
[11:20:31.515 [Information] 1
inc sp1
tos1 to 2nd
mem to tos1
[11:20:31.515 [Information] 10
inc sp1
tos1 to 2nd
mem to tos1
[11:20:31.515 [Information] 0
inc sp1
tos1 to 2nd
mem to tos1
[11:20:31.515 [Information] do
save address
inc sp2
tos2 to 2nd
inc sp2
stack1 to stack2
tos1 to tos2
2nd to tos1
dec sp1
2nd to tos1
dec sp1
reload buffer
do less
check not less
jump loop
[11:20:31.515 [Information] dup
inc sp1
tos1 to 2nd
[11:20:31.515 [Information] 1
inc sp1
tos1 to 2nd
mem to tos1
[11:20:31.515 [Information] and
reload main
do and
to tos1
dec sp1
[11:20:31.515 [Information] if
reload main
reload null
do or
check zero
jump else
[11:20:31.515 [Information] drop
2nd to tos1
dec sp1
[11:20:31.515 [Information] else
reload main
reload null
do or
check not zero
jump then
[11:20:31.515 [Information] variable
inc sp1
tos1 to 2nd
mem to tos1
[11:20:31.515 [Information] 1
inc sp1
tos1 to 2nd
mem to tos1
[11:20:31.515 [Information] -
reload main
do substract
to tos1
dec sp1
[11:20:31.515 [Information] ?
inc sp1
tos1 to 2nd
r mem to tos1
[11:20:31.515 [Information] swap
inc sp2
tos2 to 2nd
tos1 to tos2
inc sp2
tos2 to 2nd
inc sp2
stack1 to stack2
to tos2
tos2 to tos1
dec sp2
stack2 to stack1
dec sp2
2nd to tos2
dec sp2
[11:20:31.515 [Information] drop
2nd to tos1
dec sp1
[11:20:31.515 [Information] +
reload main
do add
to tos1
dec sp1
[11:20:31.515 [Information] variable
inc sp1
tos1 to 2nd
mem to tos1
[11:20:31.515 [Information] !
reload main
to mem
[11:20:31.515 [Information] drop
2nd to tos1
dec sp1
[11:20:31.515 [Information] drop
2nd to tos1
dec sp1
[11:20:31.515 [Information] then

[11:20:31.515 [Information] dup
inc sp1
tos1 to 2nd
[11:20:31.515 [Information] rot
inc sp2
tos2 to 2nd
inc sp2
dec sp1
stack1 to stack2
to tos2
tos1 to 2nd
tos2 to tos1
inc sp1
dec sp2
2nd to tos2
dec sp2
[11:20:31.515 [Information] +
reload main
do add
to tos1
dec sp1
[11:20:31.515 [Information] loop
inc i
reload buffer
do less
check less
jump do
[11:20:31.515 [Information] .
io output
2nd to tos1
dec sp1
[11:20:31.516 [Information] Reload main pointer -1
[11:20:31.517 [Warning] Main stack pointer: -1 | Main TOS: 0 | Main stack: | Buffer stack pointer: -1 | Buffer TOS: 0 | Buffer stack: | IO: 0 | Flags: (False, False, False)
[11:20:31.517 [Information] Snapped null
[11:20:31.517 [Warning] Main stack pointer: -1 | Main TOS: 0 | Main stack: | Buffer stack pointer: -1 | Buffer TOS: 0 | Buffer stack: | IO: 0 | Flags: (False, False, False)
[11:20:31.517 [Information] Snapped alu (0, -1)
[11:20:31.517 [Warning] Main stack pointer: -1 | Main TOS: 0 | Main stack: | Buffer stack pointer: -1 | Buffer TOS: 0 | Buffer stack: | IO: 0 | Flags: (False, False, False)
[11:20:31.519 [Information] Alu operation: Inc
[11:20:31.519 [Warning] Main stack pointer: -1 | Main TOS: 0 | Main stack: | Buffer stack pointer: -1 | Buffer TOS: 0 | Buffer stack: | IO: 0 | Flags: (False, False, False)
[11:20:31.519 [Information] Snapped main pointer 0
[11:20:31.519 [Warning] Main stack pointer: 0 | Main TOS: 0 | Main stack: | Buffer stack pointer: -1 | Buffer TOS: 0 | Buffer stack: | IO: 0 | Flags: (False, False, False)
[11:20:31.519 [Information] Reload main TOS 0
[11:20:31.519 [Warning] Main stack pointer: 0 | Main TOS: 0 | Main stack: | Buffer stack pointer: -1 | Buffer TOS: 0 | Buffer stack: | IO: 0 | Flags: (False, False, False)
[11:20:31.519 [Information] Snapped main stack 0
[11:20:31.519 [Warning] Main stack pointer: 0 | Main TOS: 0 | Main stack: 0 | Buffer stack pointer: -1 | Buffer TOS: 0 | Buffer stack: | IO: 0 | Flags: (False, False, False)
[11:20:31.519 [Information] Reload memory 0
[11:20:31.519 [Warning] Main stack pointer: 0 | Main TOS: 0 | Main stack: 0 | Buffer stack pointer: -1 | Buffer TOS: 0 | Buffer stack: | IO: 0 | Flags: (False, False, False)
[11:20:31.519 [Information] Snapped main TOS 0
[11:20:31.519 [Warning] Main stack pointer: 0 | Main TOS: 0 | Main stack: 0 | Buffer stack pointer: -1 | Buffer TOS: 0 | Buffer stack: | IO: 0 | Flags: (False, False, False)
[11:20:31.519 [Information] Reload main pointer 0
[11:20:31.519 [Warning] Main stack pointer: 0 | Main TOS: 0 | Main stack: 0 | Buffer stack pointer: -1 | Buffer TOS: 0 | Buffer stack: | IO: 0 | Flags: (False, False, False)
[11:20:31.519 [Information] Snapped null
[11:20:31.519 [Warning] Main stack pointer: 0 | Main TOS: 0 | Main stack: 0 | Buffer stack pointer: -1 | Buffer TOS: 0 | Buffer stack: | IO: 0 | Flags: (False, False, False)
[11:20:31.519 [Information] Snapped alu (0, 0)
[11:20:31.519 [Warning] Main stack pointer: 0 | Main TOS: 0 | Main stack: 0 | Buffer stack pointer: -1 | Buffer TOS: 0 | Buffer stack: | IO: 0 | Flags: (False, False, False)
[11:20:31.520 [Information] Alu operation: Inc
[11:20:31.520 [Warning] Main stack pointer: 0 | Main TOS: 0 | Main stack: 0 | Buffer stack pointer: -1 | Buffer TOS: 0 | Buffer stack: | IO: 0 | Flags: (False, False, False)
[11:20:31.520 [Information] Snapped main pointer 1
[11:20:31.520 [Warning] Main stack pointer: 1 | Main TOS: 0 | Main stack: 0 | Buffer stack pointer: -1 | Buffer TOS: 0 | Buffer stack: | IO: 0 | Flags: (False, False, False)
[11:20:31.520 [Information] Reload main TOS 0
[11:20:31.520 [Warning] Main stack pointer: 1 | Main TOS: 0 | Main stack: 0 | Buffer stack pointer: -1 | Buffer TOS: 0 | Buffer stack: | IO: 0 | Flags: (False, False, False)
[11:20:31.520 [Information] Snapped main stack 0
[11:20:31.520 [Warning] Main stack pointer: 1 | Main TOS: 0 | Main stack: 0 0 | Buffer stack pointer: -1 | Buffer TOS: 0 | Buffer stack: | IO: 0 | Flags: (False, False, False)
[11:20:31.520 [Information] Reload memory 100
[11:20:31.520 [Warning] Main stack pointer: 1 | Main TOS: 0 | Main stack: 0 0 | Buffer stack pointer: -1 | Buffer TOS: 0 | Buffer stack: | IO: 0 | Flags: (False, False, False)
[11:20:31.520 [Information] Snapped main TOS 100
[11:20:31.520 [Warning] Main stack pointer: 1 | Main TOS: 100 | Main stack: 0 0 | Buffer stack pointer: -1 | Buffer TOS: 0 | Buffer stack: | IO: 0 | Flags: (False, False, False)
[11:20:31.520 [Information] Reload main stack 0
[11:20:31.520 [Warning] Main stack pointer: 1 | Main TOS: 100 | Main stack: 0 0 | Buffer stack pointer: -1 | Buffer TOS: 0 | Buffer stack: | IO: 0 | Flags: (False, False, False)
[11:20:31.520 [Information] Reload main TOS 100
[11:20:31.520 [Warning] Main stack pointer: 1 | Main TOS: 100 | Main stack: 0 0 | Buffer stack pointer: -1 | Buffer TOS: 0 | Buffer stack: | IO: 0 | Flags: (False, False, False)
[11:20:31.520 [Information] Memory snapped: data 0 at 100
[11:20:31.520 [Warning] Main stack pointer: 1 | Main TOS: 100 | Main stack: 0 0 | Buffer stack pointer: -1 | Buffer TOS: 0 | Buffer stack: | IO: 0 | Flags: (False, False, False)
[11:20:31.520 [Information] Reload main pointer 1
[11:20:31.520 [Warning] Main stack pointer: 1 | Main TOS: 100 | Main stack: 0 0 | Buffer stack pointer: -1 | Buffer TOS: 0 | Buffer stack: | IO: 0 | Flags: (False, False, False)
[11:20:31.520 [Information] Snapped null
[11:20:31.520 [Warning] Main stack pointer: 1 | Main TOS: 100 | Main stack: 0 0 | Buffer stack pointer: -1 | Buffer TOS: 0 | Buffer stack: | IO: 0 | Flags: (False, False, False)
[11:20:31.520 [Information] Snapped alu (0, 1)
[11:20:31.520 [Warning] Main stack pointer: 1 | Main TOS: 100 | Main stack: 0 0 | Buffer stack pointer: -1 | Buffer TOS: 0 | Buffer stack: | IO: 0 | Flags: (False, False, False)
[11:20:31.520 [Information] Alu operation: Inc
[11:20:31.520 [Warning] Main stack pointer: 1 | Main TOS: 100 | Main stack: 0 0 | Buffer stack pointer: -1 | Buffer TOS: 0 | Buffer stack: | IO: 0 | Flags: (False, False, False)
[11:20:31.520 [Information] Snapped main pointer 2
[11:20:31.520 [Warning] Main stack pointer: 2 | Main TOS: 100 | Main stack: 0 0 | Buffer stack pointer: -1 | Buffer TOS: 0 | Buffer stack: | IO: 0 | Flags: (False, False, False)
[11:20:31.520 [Information] Reload main TOS 100
[11:20:31.520 [Warning] Main stack pointer: 2 | Main TOS: 100 | Main stack: 0 0 | Buffer stack pointer: -1 | Buffer TOS: 0 | Buffer stack: | IO: 0 | Flags: (False, False, False)
[11:20:31.520 [Information] Snapped main stack 100
[11:20:31.520 [Warning] Main stack pointer: 2 | Main TOS: 100 | Main stack: 0 0 100 | Buffer stack pointer: -1 | Buffer TOS: 0 | Buffer stack: | IO: 0 | Flags: (False, False, False)
[11:20:31.520 [Information] Reload memory 1
[11:20:31.520 [Warning] Main stack pointer: 2 | Main TOS: 100 | Main stack: 0 0 100 | Buffer stack pointer: -1 | Buffer TOS: 0 | Buffer stack: | IO: 0 | Flags: (False, False, False)
[11:20:31.520 [Information] Snapped main TOS 1
[11:20:31.520 [Warning] Main stack pointer: 2 | Main TOS: 1 | Main stack: 0 0 100 | Buffer stack pointer: -1 | Buffer TOS: 0 | Buffer stack: | IO: 0 | Flags: (False, False, False)
[11:20:31.520 [Information] Reload main pointer 2
[11:20:31.520 [Warning] Main stack pointer: 2 | Main TOS: 1 | Main stack: 0 0 100 | Buffer stack pointer: -1 | Buffer TOS: 0 | Buffer stack: | IO: 0 | Flags: (False, False, False)
[11:20:31.520 [Information] Snapped null
[11:20:31.520 [Warning] Main stack pointer: 2 | Main TOS: 1 | Main stack: 0 0 100 | Buffer stack pointer: -1 | Buffer TOS: 0 | Buffer stack: | IO: 0 | Flags: (False, False, False)
[11:20:31.520 [Information] Snapped alu (0, 2)
[11:20:31.520 [Warning] Main stack pointer: 2 | Main TOS: 1 | Main stack: 0 0 100 | Buffer stack pointer: -1 | Buffer TOS: 0 | Buffer stack: | IO: 0 | Flags: (False, False, False)
[11:20:31.520 [Information] Alu operation: Inc
[11:20:31.520 [Warning] Main stack pointer: 2 | Main TOS: 1 | Main stack: 0 0 100 | Buffer stack pointer: -1 | Buffer TOS: 0 | Buffer stack: | IO: 0 | Flags: (False, False, False)
[11:20:31.520 [Information] Snapped main pointer 3
[11:20:31.520 [Warning] Main stack pointer: 3 | Main TOS: 1 | Main stack: 0 0 100 | Buffer stack pointer: -1 | Buffer TOS: 0 | Buffer stack: | IO: 0 | Flags: (False, False, False)
[11:20:31.520 [Information] Reload main TOS 1
[11:20:31.520 [Warning] Main stack pointer: 3 | Main TOS: 1 | Main stack: 0 0 100 | Buffer stack pointer: -1 | Buffer TOS: 0 | Buffer stack: | IO: 0 | Flags: (False, False, False)
[11:20:31.520 [Information] Snapped main stack 1
[11:20:31.520 [Warning] Main stack pointer: 3 | Main TOS: 1 | Main stack: 0 0 100 1 | Buffer stack pointer: -1 | Buffer TOS: 0 | Buffer stack: | IO: 0 | Flags: (False, False, False)
[11:20:31.520 [Information] Reload memory 1
[11:20:31.520 [Warning] Main stack pointer: 3 | Main TOS: 1 | Main stack: 0 0 100 1 | Buffer stack pointer: -1 | Buffer TOS: 0 | Buffer stack: | IO: 0 | Flags: (False, False, False)
[11:20:31.520 [Information] Snapped main TOS 1
[11:20:31.520 [Warning] Main stack pointer: 3 | Main TOS: 1 | Main stack: 0 0 100 1 | Buffer stack pointer: -1 | Buffer TOS: 0 | Buffer stack: | IO: 0 | Flags: (False, False, False)
[11:20:31.520 [Information] Reload main pointer 3
[11:20:31.520 [Warning] Main stack pointer: 3 | Main TOS: 1 | Main stack: 0 0 100 1 | Buffer stack pointer: -1 | Buffer TOS: 0 | Buffer stack: | IO: 0 | Flags: (False, False, False)
[11:20:31.520 [Information] Snapped null
[11:20:31.520 [Warning] Main stack pointer: 3 | Main TOS: 1 | Main stack: 0 0 100 1 | Buffer stack pointer: -1 | Buffer TOS: 0 | Buffer stack: | IO: 0 | Flags: (False, False, False)
[11:20:31.520 [Information] Snapped alu (0, 3)
[11:20:31.520 [Warning] Main stack pointer: 3 | Main TOS: 1 | Main stack: 0 0 100 1 | Buffer stack pointer: -1 | Buffer TOS: 0 | Buffer stack: | IO: 0 | Flags: (False, False, False)
[11:20:31.520 [Information] Alu operation: Inc
[11:20:31.520 [Warning] Main stack pointer: 3 | Main TOS: 1 | Main stack: 0 0 100 1 | Buffer stack pointer: -1 | Buffer TOS: 0 | Buffer stack: | IO: 0 | Flags: (False, False, False)
[11:20:31.520 [Information] Snapped main pointer 4
[11:20:31.520 [Warning] Main stack pointer: 4 | Main TOS: 1 | Main stack: 0 0 100 1 | Buffer stack pointer: -1 | Buffer TOS: 0 | Buffer stack: | IO: 0 | Flags: (False, False, False)
[11:20:31.520 [Information] Reload main TOS 1
[11:20:31.520 [Warning] Main stack pointer: 4 | Main TOS: 1 | Main stack: 0 0 100 1 | Buffer stack pointer: -1 | Buffer TOS: 0 | Buffer stack: | IO: 0 | Flags: (False, False, False)
[11:20:31.520 [Information] Snapped main stack 1
[11:20:31.520 [Warning] Main stack pointer: 4 | Main TOS: 1 | Main stack: 0 0 100 1 1 | Buffer stack pointer: -1 | Buffer TOS: 0 | Buffer stack: | IO: 0 | Flags: (False, False, False)
[11:20:31.520 [Information] Reload memory 10
[11:20:31.520 [Warning] Main stack pointer: 4 | Main TOS: 1 | Main stack: 0 0 100 1 1 | Buffer stack pointer: -1 | Buffer TOS: 0 | Buffer stack: | IO: 0 | Flags: (False, False, False)
[11:20:31.520 [Information] Snapped main TOS 10
[11:20:31.520 [Warning] Main stack pointer: 4 | Main TOS: 10 | Main stack: 0 0 100 1 1 | Buffer stack pointer: -1 | Buffer TOS: 0 | Buffer stack: | IO: 0 | Flags: (False, False, False)
[11:20:31.520 [Information] Reload main pointer 4
[11:20:31.520 [Warning] Main stack pointer: 4 | Main TOS: 10 | Main stack: 0 0 100 1 1 | Buffer stack pointer: -1 | Buffer TOS: 0 | Buffer stack: | IO: 0 | Flags: (False, False, False)
[11:20:31.520 [Information] Snapped null
[11:20:31.520 [Warning] Main stack pointer: 4 | Main TOS: 10 | Main stack: 0 0 100 1 1 | Buffer stack pointer: -1 | Buffer TOS: 0 | Buffer stack: | IO: 0 | Flags: (False, False, False)
[11:20:31.520 [Information] Snapped alu (0, 4)
[11:20:31.520 [Warning] Main stack pointer: 4 | Main TOS: 10 | Main stack: 0 0 100 1 1 | Buffer stack pointer: -1 | Buffer TOS: 0 | Buffer stack: | IO: 0 | Flags: (False, False, False)
[11:20:31.520 [Information] Alu operation: Inc
[11:20:31.520 [Warning] Main stack pointer: 4 | Main TOS: 10 | Main stack: 0 0 100 1 1 | Buffer stack pointer: -1 | Buffer TOS: 0 | Buffer stack: | IO: 0 | Flags: (False, False, False)
[11:20:31.520 [Information] Snapped main pointer 5
[11:20:31.520 [Warning] Main stack pointer: 5 | Main TOS: 10 | Main stack: 0 0 100 1 1 | Buffer stack pointer: -1 | Buffer TOS: 0 | Buffer stack: | IO: 0 | Flags: (False, False, False)
[11:20:31.520 [Information] Reload main TOS 10
[11:20:31.520 [Warning] Main stack pointer: 5 | Main TOS: 10 | Main stack: 0 0 100 1 1 | Buffer stack pointer: -1 | Buffer TOS: 0 | Buffer stack: | IO: 0 | Flags: (False, False, False)
[11:20:31.520 [Information] Snapped main stack 10
[11:20:31.520 [Warning] Main stack pointer: 5 | Main TOS: 10 | Main stack: 0 0 100 1 1 10 | Buffer stack pointer: -1 | Buffer TOS: 0 | Buffer stack: | IO: 0 | Flags: (False, False, False)
[11:20:31.520 [Information] Reload memory 0
[11:20:31.520 [Warning] Main stack pointer: 5 | Main TOS: 10 | Main stack: 0 0 100 1 1 10 | Buffer stack pointer: -1 | Buffer TOS: 0 | Buffer stack: | IO: 0 | Flags: (False, False, False)
[11:20:31.520 [Information] Snapped main TOS 0
[11:20:31.520 [Warning] Main stack pointer: 5 | Main TOS: 0 | Main stack: 0 0 100 1 1 10 | Buffer stack pointer: -1 | Buffer TOS: 0 | Buffer stack: | IO: 0 | Flags: (False, False, False)
[11:20:31.520 [Information] Reload buffer pointer -1
[11:20:31.520 [Warning] Main stack pointer: 5 | Main TOS: 0 | Main stack: 0 0 100 1 1 10 | Buffer stack pointer: -1 | Buffer TOS: 0 | Buffer stack: | IO: 0 | Flags: (False, False, False)
[11:20:31.520 [Information] Snapped null
[11:20:31.520 [Warning] Main stack pointer: 5 | Main TOS: 0 | Main stack: 0 0 100 1 1 10 | Buffer stack pointer: -1 | Buffer TOS: 0 | Buffer stack: | IO: 0 | Flags: (False, False, False)
[11:20:31.520 [Information] Snapped alu (0, -1)
[11:20:31.520 [Warning] Main stack pointer: 5 | Main TOS: 0 | Main stack: 0 0 100 1 1 10 | Buffer stack pointer: -1 | Buffer TOS: 0 | Buffer stack: | IO: 0 | Flags: (False, False, False)
[11:20:31.520 [Information] Alu operation: Inc
[11:20:31.520 [Warning] Main stack pointer: 5 | Main TOS: 0 | Main stack: 0 0 100 1 1 10 | Buffer stack pointer: -1 | Buffer TOS: 0 | Buffer stack: | IO: 0 | Flags: (False, False, False)
[11:20:31.520 [Information] Snapped buffer pointer 0
[11:20:31.520 [Warning] Main stack pointer: 5 | Main TOS: 0 | Main stack: 0 0 100 1 1 10 | Buffer stack pointer: 0 | Buffer TOS: 0 | Buffer stack: | IO: 0 | Flags: (False, False, False)
[11:20:31.521 [Information] Reload buffer TOS 0
[11:20:31.521 [Warning] Main stack pointer: 5 | Main TOS: 0 | Main stack: 0 0 100 1 1 10 | Buffer stack pointer: 0 | Buffer TOS: 0 | Buffer stack: | IO: 0 | Flags: (False, False, False)
[11:20:31.521 [Information] Snapped buffer stack 0
[11:20:31.521 [Warning] Main stack pointer: 5 | Main TOS: 0 | Main stack: 0 0 100 1 1 10 | Buffer stack pointer: 0 | Buffer TOS: 0 | Buffer stack: 0 | IO: 0 | Flags: (False, False, False)
[11:20:31.521 [Information] Reload buffer pointer 0
[11:20:31.521 [Warning] Main stack pointer: 5 | Main TOS: 0 | Main stack: 0 0 100 1 1 10 | Buffer stack pointer: 0 | Buffer TOS: 0 | Buffer stack: 0 | IO: 0 | Flags: (False, False, False)
[11:20:31.521 [Information] Snapped null
[11:20:31.521 [Warning] Main stack pointer: 5 | Main TOS: 0 | Main stack: 0 0 100 1 1 10 | Buffer stack pointer: 0 | Buffer TOS: 0 | Buffer stack: 0 | IO: 0 | Flags: (False, False, False)
[11:20:31.521 [Information] Snapped alu (0, 0)
[11:20:31.521 [Warning] Main stack pointer: 5 | Main TOS: 0 | Main stack: 0 0 100 1 1 10 | Buffer stack pointer: 0 | Buffer TOS: 0 | Buffer stack: 0 | IO: 0 | Flags: (False, False, False)
[11:20:31.521 [Information] Alu operation: Inc
[11:20:31.521 [Warning] Main stack pointer: 5 | Main TOS: 0 | Main stack: 0 0 100 1 1 10 | Buffer stack pointer: 0 | Buffer TOS: 0 | Buffer stack: 0 | IO: 0 | Flags: (False, False, False)
[11:20:31.521 [Information] Snapped buffer pointer 1
[11:20:31.521 [Warning] Main stack pointer: 5 | Main TOS: 0 | Main stack: 0 0 100 1 1 10 | Buffer stack pointer: 1 | Buffer TOS: 0 | Buffer stack: 0 | IO: 0 | Flags: (False, False, False)
[11:20:31.521 [Information] Reload main stack 10
[11:20:31.521 [Warning] Main stack pointer: 5 | Main TOS: 0 | Main stack: 0 0 100 1 1 10 | Buffer stack pointer: 1 | Buffer TOS: 0 | Buffer stack: 0 | IO: 0 | Flags: (False, False, False)
[11:20:31.521 [Information] Snapped buffer stack 10
[11:20:31.521 [Warning] Main stack pointer: 5 | Main TOS: 0 | Main stack: 0 0 100 1 1 10 | Buffer stack pointer: 1 | Buffer TOS: 0 | Buffer stack: 0 10 | IO: 0 | Flags: (False, False, False)
[11:20:31.521 [Information] Reload main TOS 0
[11:20:31.521 [Warning] Main stack pointer: 5 | Main TOS: 0 | Main stack: 0 0 100 1 1 10 | Buffer stack pointer: 1 | Buffer TOS: 0 | Buffer stack: 0 10 | IO: 0 | Flags: (False, False, False)
[11:20:31.521 [Information] Snapped buffer TOS 0
[11:20:31.521 [Warning] Main stack pointer: 5 | Main TOS: 0 | Main stack: 0 0 100 1 1 10 | Buffer stack pointer: 1 | Buffer TOS: 0 | Buffer stack: 0 10 | IO: 0 | Flags: (False, False, False)
[11:20:31.521 [Information] Reload main stack 10
[11:20:31.521 [Warning] Main stack pointer: 5 | Main TOS: 0 | Main stack: 0 0 100 1 1 10 | Buffer stack pointer: 1 | Buffer TOS: 0 | Buffer stack: 0 10 | IO: 0 | Flags: (False, False, False)
[11:20:31.521 [Information] Snapped main TOS 10
[11:20:31.521 [Warning] Main stack pointer: 5 | Main TOS: 10 | Main stack: 0 0 100 1 1 10 | Buffer stack pointer: 1 | Buffer TOS: 0 | Buffer stack: 0 10 | IO: 0 | Flags: (False, False, False)
[11:20:31.521 [Information] Reload main pointer 5
[11:20:31.521 [Warning] Main stack pointer: 5 | Main TOS: 10 | Main stack: 0 0 100 1 1 10 | Buffer stack pointer: 1 | Buffer TOS: 0 | Buffer stack: 0 10 | IO: 0 | Flags: (False, False, False)
[11:20:31.521 [Information] Snapped null
[11:20:31.521 [Warning] Main stack pointer: 5 | Main TOS: 10 | Main stack: 0 0 100 1 1 10 | Buffer stack pointer: 1 | Buffer TOS: 0 | Buffer stack: 0 10 | IO: 0 | Flags: (False, False, False)
[11:20:31.521 [Information] Snapped alu (0, 5)
[11:20:31.521 [Warning] Main stack pointer: 5 | Main TOS: 10 | Main stack: 0 0 100 1 1 10 | Buffer stack pointer: 1 | Buffer TOS: 0 | Buffer stack: 0 10 | IO: 0 | Flags: (False, False, False)
[11:20:31.521 [Information] Alu operation: Dec
[11:20:31.521 [Warning] Main stack pointer: 5 | Main TOS: 10 | Main stack: 0 0 100 1 1 10 | Buffer stack pointer: 1 | Buffer TOS: 0 | Buffer stack: 0 10 | IO: 0 | Flags: (False, False, False)
[11:20:31.521 [Information] Snapped main pointer 4
[11:20:31.521 [Warning] Main stack pointer: 4 | Main TOS: 10 | Main stack: 0 0 100 1 1 10 | Buffer stack pointer: 1 | Buffer TOS: 0 | Buffer stack: 0 10 | IO: 0 | Flags: (False, False, False)
[11:20:31.521 [Information] Reload main stack 1
[11:20:31.521 [Warning] Main stack pointer: 4 | Main TOS: 10 | Main stack: 0 0 100 1 1 10 | Buffer stack pointer: 1 | Buffer TOS: 0 | Buffer stack: 0 10 | IO: 0 | Flags: (False, False, False)
[11:20:31.521 [Information] Snapped main TOS 1
[11:20:31.521 [Warning] Main stack pointer: 4 | Main TOS: 1 | Main stack: 0 0 100 1 1 10 | Buffer stack pointer: 1 | Buffer TOS: 0 | Buffer stack: 0 10 | IO: 0 | Flags: (False, False, False)
[11:20:31.521 [Information] Reload main pointer 4
[11:20:31.521 [Warning] Main stack pointer: 4 | Main TOS: 1 | Main stack: 0 0 100 1 1 10 | Buffer stack pointer: 1 | Buffer TOS: 0 | Buffer stack: 0 10 | IO: 0 | Flags: (False, False, False)
[11:20:31.521 [Information] Snapped null
[11:20:31.521 [Warning] Main stack pointer: 4 | Main TOS: 1 | Main stack: 0 0 100 1 1 10 | Buffer stack pointer: 1 | Buffer TOS: 0 | Buffer stack: 0 10 | IO: 0 | Flags: (False, False, False)
[11:20:31.521 [Information] Snapped alu (0, 4)
[11:20:31.521 [Warning] Main stack pointer: 4 | Main TOS: 1 | Main stack: 0 0 100 1 1 10 | Buffer stack pointer: 1 | Buffer TOS: 0 | Buffer stack: 0 10 | IO: 0 | Flags: (False, False, False)
[11:20:31.521 [Information] Alu operation: Dec
[11:20:31.521 [Warning] Main stack pointer: 4 | Main TOS: 1 | Main stack: 0 0 100 1 1 10 | Buffer stack pointer: 1 | Buffer TOS: 0 | Buffer stack: 0 10 | IO: 0 | Flags: (False, False, False)
[11:20:31.521 [Information] Snapped main pointer 3
[11:20:31.521 [Warning] Main stack pointer: 3 | Main TOS: 1 | Main stack: 0 0 100 1 1 10 | Buffer stack pointer: 1 | Buffer TOS: 0 | Buffer stack: 0 10 | IO: 0 | Flags: (False, False, False)
[11:20:31.521 [Information] Reload buffer stack 10
[11:20:31.521 [Warning] Main stack pointer: 3 | Main TOS: 1 | Main stack: 0 0 100 1 1 10 | Buffer stack pointer: 1 | Buffer TOS: 0 | Buffer stack: 0 10 | IO: 0 | Flags: (False, False, False)
[11:20:31.521 [Information] Reload buffer TOS 0
[11:20:31.521 [Warning] Main stack pointer: 3 | Main TOS: 1 | Main stack: 0 0 100 1 1 10 | Buffer stack pointer: 1 | Buffer TOS: 0 | Buffer stack: 0 10 | IO: 0 | Flags: (False, False, False)
[11:20:31.521 [Information] Snapped alu (10, 0)
[11:20:31.521 [Warning] Main stack pointer: 3 | Main TOS: 1 | Main stack: 0 0 100 1 1 10 | Buffer stack pointer: 1 | Buffer TOS: 0 | Buffer stack: 0 10 | IO: 0 | Flags: (False, False, False)
[11:20:31.521 [Information] Alu operation: Less
[11:20:31.521 [Warning] Main stack pointer: 3 | Main TOS: 1 | Main stack: 0 0 100 1 1 10 | Buffer stack pointer: 1 | Buffer TOS: 0 | Buffer stack: 0 10 | IO: 0 | Flags: (False, False, False)
[11:20:31.521 [Information] Snapped flags (False, False, True)
[11:20:31.521 [Warning] Main stack pointer: 3 | Main TOS: 1 | Main stack: 0 0 100 1 1 10 | Buffer stack pointer: 1 | Buffer TOS: 0 | Buffer stack: 0 10 | IO: 0 | Flags: (False, False, True)
[11:20:31.521 [Information] Reload main pointer 3
[11:20:31.521 [Warning] Main stack pointer: 3 | Main TOS: 1 | Main stack: 0 0 100 1 1 10 | Buffer stack pointer: 1 | Buffer TOS: 0 | Buffer stack: 0 10 | IO: 0 | Flags: (False, False, True)
[11:20:31.521 [Information] Snapped null
[11:20:31.521 [Warning] Main stack pointer: 3 | Main TOS: 1 | Main stack: 0 0 100 1 1 10 | Buffer stack pointer: 1 | Buffer TOS: 0 | Buffer stack: 0 10 | IO: 0 | Flags: (False, False, True)
[11:20:31.521 [Information] Snapped alu (0, 3)
[11:20:31.521 [Warning] Main stack pointer: 3 | Main TOS: 1 | Main stack: 0 0 100 1 1 10 | Buffer stack pointer: 1 | Buffer TOS: 0 | Buffer stack: 0 10 | IO: 0 | Flags: (False, False, True)
[11:20:31.521 [Information] Alu operation: Inc
[11:20:31.521 [Warning] Main stack pointer: 3 | Main TOS: 1 | Main stack: 0 0 100 1 1 10 | Buffer stack pointer: 1 | Buffer TOS: 0 | Buffer stack: 0 10 | IO: 0 | Flags: (False, False, True)
[11:20:31.521 [Information] Snapped main pointer 4
[11:20:31.521 [Warning] Main stack pointer: 4 | Main TOS: 1 | Main stack: 0 0 100 1 1 10 | Buffer stack pointer: 1 | Buffer TOS: 0 | Buffer stack: 0 10 | IO: 0 | Flags: (False, False, True)
[11:20:31.521 [Information] Reload main TOS 1
[11:20:31.521 [Warning] Main stack pointer: 4 | Main TOS: 1 | Main stack: 0 0 100 1 1 10 | Buffer stack pointer: 1 | Buffer TOS: 0 | Buffer stack: 0 10 | IO: 0 | Flags: (False, False, True)
[11:20:31.521 [Information] Snapped main stack 1
[11:20:31.521 [Warning] Main stack pointer: 4 | Main TOS: 1 | Main stack: 0 0 100 1 1 10 | Buffer stack pointer: 1 | Buffer TOS: 0 | Buffer stack: 0 10 | IO: 0 | Flags: (False, False, True)
[11:20:31.521 [Information] Reload main pointer 4
[11:20:31.521 [Warning] Main stack pointer: 4 | Main TOS: 1 | Main stack: 0 0 100 1 1 10 | Buffer stack pointer: 1 | Buffer TOS: 0 | Buffer stack: 0 10 | IO: 0 | Flags: (False, False, True)
[11:20:31.521 [Information] Snapped null
[11:20:31.521 [Warning] Main stack pointer: 4 | Main TOS: 1 | Main stack: 0 0 100 1 1 10 | Buffer stack pointer: 1 | Buffer TOS: 0 | Buffer stack: 0 10 | IO: 0 | Flags: (False, False, True)
[11:20:31.521 [Information] Snapped alu (0, 4)
[11:20:31.521 [Warning] Main stack pointer: 4 | Main TOS: 1 | Main stack: 0 0 100 1 1 10 | Buffer stack pointer: 1 | Buffer TOS: 0 | Buffer stack: 0 10 | IO: 0 | Flags: (False, False, True)
[11:20:31.521 [Information] Alu operation: Inc
[11:20:31.521 [Warning] Main stack pointer: 4 | Main TOS: 1 | Main stack: 0 0 100 1 1 10 | Buffer stack pointer: 1 | Buffer TOS: 0 | Buffer stack: 0 10 | IO: 0 | Flags: (False, False, True)
[11:20:31.521 [Information] Snapped main pointer 5
[11:20:31.521 [Warning] Main stack pointer: 5 | Main TOS: 1 | Main stack: 0 0 100 1 1 10 | Buffer stack pointer: 1 | Buffer TOS: 0 | Buffer stack: 0 10 | IO: 0 | Flags: (False, False, True)
[11:20:31.521 [Information] Reload main TOS 1
[11:20:31.521 [Warning] Main stack pointer: 5 | Main TOS: 1 | Main stack: 0 0 100 1 1 10 | Buffer stack pointer: 1 | Buffer TOS: 0 | Buffer stack: 0 10 | IO: 0 | Flags: (False, False, True)
[11:20:31.521 [Information] Snapped main stack 1
[11:20:31.521 [Warning] Main stack pointer: 5 | Main TOS: 1 | Main stack: 0 0 100 1 1 1 | Buffer stack pointer: 1 | Buffer TOS: 0 | Buffer stack: 0 10 | IO: 0 | Flags: (False, False, True)
[11:20:31.521 [Information] Reload memory 1
[11:20:31.521 [Warning] Main stack pointer: 5 | Main TOS: 1 | Main stack: 0 0 100 1 1 1 | Buffer stack pointer: 1 | Buffer TOS: 0 | Buffer stack: 0 10 | IO: 0 | Flags: (False, False, True)
[11:20:31.521 [Information] Snapped main TOS 1
[11:20:31.521 [Warning] Main stack pointer: 5 | Main TOS: 1 | Main stack: 0 0 100 1 1 1 | Buffer stack pointer: 1 | Buffer TOS: 0 | Buffer stack: 0 10 | IO: 0 | Flags: (False, False, True)
[11:20:31.521 [Information] Reload main stack 1
[11:20:31.521 [Warning] Main stack pointer: 5 | Main TOS: 1 | Main stack: 0 0 100 1 1 1 | Buffer stack pointer: 1 | Buffer TOS: 0 | Buffer stack: 0 10 | IO: 0 | Flags: (False, False, True)
[11:20:31.521 [Information] Reload main TOS 1
[11:20:31.521 [Warning] Main stack pointer: 5 | Main TOS: 1 | Main stack: 0 0 100 1 1 1 | Buffer stack pointer: 1 | Buffer TOS: 0 | Buffer stack: 0 10 | IO: 0 | Flags: (False, False, True)
[11:20:31.521 [Information] Snapped alu (1, 1)
[11:20:31.521 [Warning] Main stack pointer: 5 | Main TOS: 1 | Main stack: 0 0 100 1 1 1 | Buffer stack pointer: 1 | Buffer TOS: 0 | Buffer stack: 0 10 | IO: 0 | Flags: (False, False, True)
[11:20:31.521 [Information] Alu operation: And
[11:20:31.521 [Warning] Main stack pointer: 5 | Main TOS: 1 | Main stack: 0 0 100 1 1 1 | Buffer stack pointer: 1 | Buffer TOS: 0 | Buffer stack: 0 10 | IO: 0 | Flags: (False, False, True)
[11:20:31.521 [Information] Snapped flags (False, False, True)
[11:20:31.521 [Warning] Main stack pointer: 5 | Main TOS: 1 | Main stack: 0 0 100 1 1 1 | Buffer stack pointer: 1 | Buffer TOS: 0 | Buffer stack: 0 10 | IO: 0 | Flags: (False, False, True)
[11:20:31.521 [Information] Snapped main TOS 1
[11:20:31.521 [Warning] Main stack pointer: 5 | Main TOS: 1 | Main stack: 0 0 100 1 1 1 | Buffer stack pointer: 1 | Buffer TOS: 0 | Buffer stack: 0 10 | IO: 0 | Flags: (False, False, True)
[11:20:31.521 [Information] Reload main pointer 5
[11:20:31.521 [Warning] Main stack pointer: 5 | Main TOS: 1 | Main stack: 0 0 100 1 1 1 | Buffer stack pointer: 1 | Buffer TOS: 0 | Buffer stack: 0 10 | IO: 0 | Flags: (False, False, True)
[11:20:31.521 [Information] Snapped null
[11:20:31.521 [Warning] Main stack pointer: 5 | Main TOS: 1 | Main stack: 0 0 100 1 1 1 | Buffer stack pointer: 1 | Buffer TOS: 0 | Buffer stack: 0 10 | IO: 0 | Flags: (False, False, True)
[11:20:31.521 [Information] Snapped alu (0, 5)
[11:20:31.521 [Warning] Main stack pointer: 5 | Main TOS: 1 | Main stack: 0 0 100 1 1 1 | Buffer stack pointer: 1 | Buffer TOS: 0 | Buffer stack: 0 10 | IO: 0 | Flags: (False, False, True)
[11:20:31.521 [Information] Alu operation: Dec
[11:20:31.521 [Warning] Main stack pointer: 5 | Main TOS: 1 | Main stack: 0 0 100 1 1 1 | Buffer stack pointer: 1 | Buffer TOS: 0 | Buffer stack: 0 10 | IO: 0 | Flags: (False, False, True)
[11:20:31.521 [Information] Snapped main pointer 4
[11:20:31.521 [Warning] Main stack pointer: 4 | Main TOS: 1 | Main stack: 0 0 100 1 1 1 | Buffer stack pointer: 1 | Buffer TOS: 0 | Buffer stack: 0 10 | IO: 0 | Flags: (False, False, True)
[11:20:31.521 [Information] Reload main stack 1
[11:20:31.521 [Warning] Main stack pointer: 4 | Main TOS: 1 | Main stack: 0 0 100 1 1 1 | Buffer stack pointer: 1 | Buffer TOS: 0 | Buffer stack: 0 10 | IO: 0 | Flags: (False, False, True)
[11:20:31.521 [Information] Reload main TOS 1
[11:20:31.521 [Warning] Main stack pointer: 4 | Main TOS: 1 | Main stack: 0 0 100 1 1 1 | Buffer stack pointer: 1 | Buffer TOS: 0 | Buffer stack: 0 10 | IO: 0 | Flags: (False, False, True)
[11:20:31.522 [Information] Snapped null
[11:20:31.522 [Warning] Main stack pointer: 4 | Main TOS: 1 | Main stack: 0 0 100 1 1 1 | Buffer stack pointer: 1 | Buffer TOS: 0 | Buffer stack: 0 10 | IO: 0 | Flags: (False, False, True)
[11:20:31.522 [Information] Snapped alu (0, 1)
[11:20:31.522 [Warning] Main stack pointer: 4 | Main TOS: 1 | Main stack: 0 0 100 1 1 1 | Buffer stack pointer: 1 | Buffer TOS: 0 | Buffer stack: 0 10 | IO: 0 | Flags: (False, False, True)
[11:20:31.522 [Information] Alu operation: Or
[11:20:31.522 [Warning] Main stack pointer: 4 | Main TOS: 1 | Main stack: 0 0 100 1 1 1 | Buffer stack pointer: 1 | Buffer TOS: 0 | Buffer stack: 0 10 | IO: 0 | Flags: (False, False, True)
[11:20:31.522 [Information] Snapped flags (False, False, True)
[11:20:31.522 [Warning] Main stack pointer: 4 | Main TOS: 1 | Main stack: 0 0 100 1 1 1 | Buffer stack pointer: 1 | Buffer TOS: 0 | Buffer stack: 0 10 | IO: 0 | Flags: (False, False, True)
[11:20:31.522 [Information] Reload main stack 1
[11:20:31.522 [Warning] Main stack pointer: 4 | Main TOS: 1 | Main stack: 0 0 100 1 1 1 | Buffer stack pointer: 1 | Buffer TOS: 0 | Buffer stack: 0 10 | IO: 0 | Flags: (False, False, True)
[11:20:31.522 [Information] Snapped main TOS 1
[11:20:31.522 [Warning] Main stack pointer: 4 | Main TOS: 1 | Main stack: 0 0 100 1 1 1 | Buffer stack pointer: 1 | Buffer TOS: 0 | Buffer stack: 0 10 | IO: 0 | Flags: (False, False, True)
[11:20:31.522 [Information] Reload main pointer 4
[11:20:31.522 [Warning] Main stack pointer: 4 | Main TOS: 1 | Main stack: 0 0 100 1 1 1 | Buffer stack pointer: 1 | Buffer TOS: 0 | Buffer stack: 0 10 | IO: 0 | Flags: (False, False, True)
[11:20:31.522 [Information] Snapped null
[11:20:31.522 [Warning] Main stack pointer: 4 | Main TOS: 1 | Main stack: 0 0 100 1 1 1 | Buffer stack pointer: 1 | Buffer TOS: 0 | Buffer stack: 0 10 | IO: 0 | Flags: (False, False, True)
[11:20:31.522 [Information] Snapped alu (0, 4)
[11:20:31.522 [Warning] Main stack pointer: 4 | Main TOS: 1 | Main stack: 0 0 100 1 1 1 | Buffer stack pointer: 1 | Buffer TOS: 0 | Buffer stack: 0 10 | IO: 0 | Flags: (False, False, True)
[11:20:31.522 [Information] Alu operation: Dec
[11:20:31.522 [Warning] Main stack pointer: 4 | Main TOS: 1 | Main stack: 0 0 100 1 1 1 | Buffer stack pointer: 1 | Buffer TOS: 0 | Buffer stack: 0 10 | IO: 0 | Flags: (False, False, True)
[11:20:31.522 [Information] Snapped main pointer 3
[11:20:31.522 [Warning] Main stack pointer: 3 | Main TOS: 1 | Main stack: 0 0 100 1 1 1 | Buffer stack pointer: 1 | Buffer TOS: 0 | Buffer stack: 0 10 | IO: 0 | Flags: (False, False, True)
[11:20:31.522 [Information] Reload main stack 1
[11:20:31.522 [Warning] Main stack pointer: 3 | Main TOS: 1 | Main stack: 0 0 100 1 1 1 | Buffer stack pointer: 1 | Buffer TOS: 0 | Buffer stack: 0 10 | IO: 0 | Flags: (False, False, True)
[11:20:31.522 [Information] Reload main TOS 1
[11:20:31.522 [Warning] Main stack pointer: 3 | Main TOS: 1 | Main stack: 0 0 100 1 1 1 | Buffer stack pointer: 1 | Buffer TOS: 0 | Buffer stack: 0 10 | IO: 0 | Flags: (False, False, True)
[11:20:31.522 [Information] Snapped null
[11:20:31.522 [Warning] Main stack pointer: 3 | Main TOS: 1 | Main stack: 0 0 100 1 1 1 | Buffer stack pointer: 1 | Buffer TOS: 0 | Buffer stack: 0 10 | IO: 0 | Flags: (False, False, True)
[11:20:31.522 [Information] Snapped alu (0, 1)
[11:20:31.522 [Warning] Main stack pointer: 3 | Main TOS: 1 | Main stack: 0 0 100 1 1 1 | Buffer stack pointer: 1 | Buffer TOS: 0 | Buffer stack: 0 10 | IO: 0 | Flags: (False, False, True)
[11:20:31.522 [Information] Alu operation: Or
[11:20:31.522 [Warning] Main stack pointer: 3 | Main TOS: 1 | Main stack: 0 0 100 1 1 1 | Buffer stack pointer: 1 | Buffer TOS: 0 | Buffer stack: 0 10 | IO: 0 | Flags: (False, False, True)
[11:20:31.522 [Information] Snapped flags (False, False, True)
[11:20:31.522 [Warning] Main stack pointer: 3 | Main TOS: 1 | Main stack: 0 0 100 1 1 1 | Buffer stack pointer: 1 | Buffer TOS: 0 | Buffer stack: 0 10 | IO: 0 | Flags: (False, False, True)
[11:20:31.522 [Information] Reload main pointer 3
[11:20:31.522 [Warning] Main stack pointer: 3 | Main TOS: 1 | Main stack: 0 0 100 1 1 1 | Buffer stack pointer: 1 | Buffer TOS: 0 | Buffer stack: 0 10 | IO: 0 | Flags: (False, False, True)
[11:20:31.522 [Information] Snapped null
[11:20:31.522 [Warning] Main stack pointer: 3 | Main TOS: 1 | Main stack: 0 0 100 1 1 1 | Buffer stack pointer: 1 | Buffer TOS: 0 | Buffer stack: 0 10 | IO: 0 | Flags: (False, False, True)
[11:20:31.522 [Information] Snapped alu (0, 3)
[11:20:31.522 [Warning] Main stack pointer: 3 | Main TOS: 1 | Main stack: 0 0 100 1 1 1 | Buffer stack pointer: 1 | Buffer TOS: 0 | Buffer stack: 0 10 | IO: 0 | Flags: (False, False, True)
[11:20:31.522 [Information] Alu operation: Inc
[11:20:31.522 [Warning] Main stack pointer: 3 | Main TOS: 1 | Main stack: 0 0 100 1 1 1 | Buffer stack pointer: 1 | Buffer TOS: 0 | Buffer stack: 0 10 | IO: 0 | Flags: (False, False, True)
[11:20:31.522 [Information] Snapped main pointer 4
[11:20:31.522 [Warning] Main stack pointer: 4 | Main TOS: 1 | Main stack: 0 0 100 1 1 1 | Buffer stack pointer: 1 | Buffer TOS: 0 | Buffer stack: 0 10 | IO: 0 | Flags: (False, False, True)
[11:20:31.522 [Information] Reload main TOS 1
[11:20:31.522 [Warning] Main stack pointer: 4 | Main TOS: 1 | Main stack: 0 0 100 1 1 1 | Buffer stack pointer: 1 | Buffer TOS: 0 | Buffer stack: 0 10 | IO: 0 | Flags: (False, False, True)
[11:20:31.522 [Information] Snapped main stack 1
[11:20:31.522 [Warning] Main stack pointer: 4 | Main TOS: 1 | Main stack: 0 0 100 1 1 1 | Buffer stack pointer: 1 | Buffer TOS: 0 | Buffer stack: 0 10 | IO: 0 | Flags: (False, False, True)
[11:20:31.522 [Information] Reload buffer pointer 1
[11:20:31.522 [Warning] Main stack pointer: 4 | Main TOS: 1 | Main stack: 0 0 100 1 1 1 | Buffer stack pointer: 1 | Buffer TOS: 0 | Buffer stack: 0 10 | IO: 0 | Flags: (False, False, True)
[11:20:31.522 [Information] Snapped null
[11:20:31.522 [Warning] Main stack pointer: 4 | Main TOS: 1 | Main stack: 0 0 100 1 1 1 | Buffer stack pointer: 1 | Buffer TOS: 0 | Buffer stack: 0 10 | IO: 0 | Flags: (False, False, True)
[11:20:31.522 [Information] Snapped alu (0, 1)
[11:20:31.522 [Warning] Main stack pointer: 4 | Main TOS: 1 | Main stack: 0 0 100 1 1 1 | Buffer stack pointer: 1 | Buffer TOS: 0 | Buffer stack: 0 10 | IO: 0 | Flags: (False, False, True)
[11:20:31.522 [Information] Alu operation: Inc
[11:20:31.522 [Warning] Main stack pointer: 4 | Main TOS: 1 | Main stack: 0 0 100 1 1 1 | Buffer stack pointer: 1 | Buffer TOS: 0 | Buffer stack: 0 10 | IO: 0 | Flags: (False, False, True)
[11:20:31.522 [Information] Snapped buffer pointer 2
[11:20:31.522 [Warning] Main stack pointer: 4 | Main TOS: 1 | Main stack: 0 0 100 1 1 1 | Buffer stack pointer: 2 | Buffer TOS: 0 | Buffer stack: 0 10 | IO: 0 | Flags: (False, False, True)
[11:20:31.522 [Information] Reload buffer TOS 0
[11:20:31.522 [Warning] Main stack pointer: 4 | Main TOS: 1 | Main stack: 0 0 100 1 1 1 | Buffer stack pointer: 2 | Buffer TOS: 0 | Buffer stack: 0 10 | IO: 0 | Flags: (False, False, True)
[11:20:31.522 [Information] Snapped buffer stack 0
[11:20:31.522 [Warning] Main stack pointer: 4 | Main TOS: 1 | Main stack: 0 0 100 1 1 1 | Buffer stack pointer: 2 | Buffer TOS: 0 | Buffer stack: 0 10 0 | IO: 0 | Flags: (False, False, True)
[11:20:31.522 [Information] Reload buffer pointer 2
[11:20:31.522 [Warning] Main stack pointer: 4 | Main TOS: 1 | Main stack: 0 0 100 1 1 1 | Buffer stack pointer: 2 | Buffer TOS: 0 | Buffer stack: 0 10 0 | IO: 0 | Flags: (False, False, True)
[11:20:31.522 [Information] Snapped null
[11:20:31.522 [Warning] Main stack pointer: 4 | Main TOS: 1 | Main stack: 0 0 100 1 1 1 | Buffer stack pointer: 2 | Buffer TOS: 0 | Buffer stack: 0 10 0 | IO: 0 | Flags: (False, False, True)
[11:20:31.522 [Information] Snapped alu (0, 2)
[11:20:31.522 [Warning] Main stack pointer: 4 | Main TOS: 1 | Main stack: 0 0 100 1 1 1 | Buffer stack pointer: 2 | Buffer TOS: 0 | Buffer stack: 0 10 0 | IO: 0 | Flags: (False, False, True)
[11:20:31.522 [Information] Alu operation: Inc
[11:20:31.522 [Warning] Main stack pointer: 4 | Main TOS: 1 | Main stack: 0 0 100 1 1 1 | Buffer stack pointer: 2 | Buffer TOS: 0 | Buffer stack: 0 10 0 | IO: 0 | Flags: (False, False, True)
[11:20:31.522 [Information] Snapped buffer pointer 3
[11:20:31.522 [Warning] Main stack pointer: 4 | Main TOS: 1 | Main stack: 0 0 100 1 1 1 | Buffer stack pointer: 3 | Buffer TOS: 0 | Buffer stack: 0 10 0 | IO: 0 | Flags: (False, False, True)
[11:20:31.522 [Information] Reload main pointer 4
[11:20:31.522 [Warning] Main stack pointer: 4 | Main TOS: 1 | Main stack: 0 0 100 1 1 1 | Buffer stack pointer: 3 | Buffer TOS: 0 | Buffer stack: 0 10 0 | IO: 0 | Flags: (False, False, True)
[11:20:31.522 [Information] Snapped null
[11:20:31.522 [Warning] Main stack pointer: 4 | Main TOS: 1 | Main stack: 0 0 100 1 1 1 | Buffer stack pointer: 3 | Buffer TOS: 0 | Buffer stack: 0 10 0 | IO: 0 | Flags: (False, False, True)
[11:20:31.522 [Information] Snapped alu (0, 4)
[11:20:31.522 [Warning] Main stack pointer: 4 | Main TOS: 1 | Main stack: 0 0 100 1 1 1 | Buffer stack pointer: 3 | Buffer TOS: 0 | Buffer stack: 0 10 0 | IO: 0 | Flags: (False, False, True)
[11:20:31.522 [Information] Alu operation: Dec
[11:20:31.522 [Warning] Main stack pointer: 4 | Main TOS: 1 | Main stack: 0 0 100 1 1 1 | Buffer stack pointer: 3 | Buffer TOS: 0 | Buffer stack: 0 10 0 | IO: 0 | Flags: (False, False, True)
[11:20:31.522 [Information] Snapped main pointer 3
[11:20:31.522 [Warning] Main stack pointer: 3 | Main TOS: 1 | Main stack: 0 0 100 1 1 1 | Buffer stack pointer: 3 | Buffer TOS: 0 | Buffer stack: 0 10 0 | IO: 0 | Flags: (False, False, True)
[11:20:31.522 [Information] Reload main stack 1
[11:20:31.522 [Warning] Main stack pointer: 3 | Main TOS: 1 | Main stack: 0 0 100 1 1 1 | Buffer stack pointer: 3 | Buffer TOS: 0 | Buffer stack: 0 10 0 | IO: 0 | Flags: (False, False, True)
[11:20:31.522 [Information] Snapped buffer stack 1
[11:20:31.522 [Warning] Main stack pointer: 3 | Main TOS: 1 | Main stack: 0 0 100 1 1 1 | Buffer stack pointer: 3 | Buffer TOS: 0 | Buffer stack: 0 10 0 1 | IO: 0 | Flags: (False, False, True)
[11:20:31.522 [Information] Snapped buffer TOS 1
[11:20:31.522 [Warning] Main stack pointer: 3 | Main TOS: 1 | Main stack: 0 0 100 1 1 1 | Buffer stack pointer: 3 | Buffer TOS: 1 | Buffer stack: 0 10 0 1 | IO: 0 | Flags: (False, False, True)
[11:20:31.522 [Information] Reload main TOS 1
[11:20:31.522 [Warning] Main stack pointer: 3 | Main TOS: 1 | Main stack: 0 0 100 1 1 1 | Buffer stack pointer: 3 | Buffer TOS: 1 | Buffer stack: 0 10 0 1 | IO: 0 | Flags: (False, False, True)
[11:20:31.522 [Information] Snapped main stack 1
[11:20:31.522 [Warning] Main stack pointer: 3 | Main TOS: 1 | Main stack: 0 0 100 1 1 1 | Buffer stack pointer: 3 | Buffer TOS: 1 | Buffer stack: 0 10 0 1 | IO: 0 | Flags: (False, False, True)
[11:20:31.522 [Information] Reload buffer TOS 1
[11:20:31.522 [Warning] Main stack pointer: 3 | Main TOS: 1 | Main stack: 0 0 100 1 1 1 | Buffer stack pointer: 3 | Buffer TOS: 1 | Buffer stack: 0 10 0 1 | IO: 0 | Flags: (False, False, True)
[11:20:31.522 [Information] Snapped main TOS 1
[11:20:31.522 [Warning] Main stack pointer: 3 | Main TOS: 1 | Main stack: 0 0 100 1 1 1 | Buffer stack pointer: 3 | Buffer TOS: 1 | Buffer stack: 0 10 0 1 | IO: 0 | Flags: (False, False, True)
[11:20:31.522 [Information] Reload main pointer 3
[11:20:31.522 [Warning] Main stack pointer: 3 | Main TOS: 1 | Main stack: 0 0 100 1 1 1 | Buffer stack pointer: 3 | Buffer TOS: 1 | Buffer stack: 0 10 0 1 | IO: 0 | Flags: (False, False, True)
[11:20:31.522 [Information] Snapped null
[11:20:31.522 [Warning] Main stack pointer: 3 | Main TOS: 1 | Main stack: 0 0 100 1 1 1 | Buffer stack pointer: 3 | Buffer TOS: 1 | Buffer stack: 0 10 0 1 | IO: 0 | Flags: (False, False, True)
[11:20:31.522 [Information] Snapped alu (0, 3)
[11:20:31.522 [Warning] Main stack pointer: 3 | Main TOS: 1 | Main stack: 0 0 100 1 1 1 | Buffer stack pointer: 3 | Buffer TOS: 1 | Buffer stack: 0 10 0 1 | IO: 0 | Flags: (False, False, True)
[11:20:31.522 [Information] Alu operation: Inc
[11:20:31.522 [Warning] Main stack pointer: 3 | Main TOS: 1 | Main stack: 0 0 100 1 1 1 | Buffer stack pointer: 3 | Buffer TOS: 1 | Buffer stack: 0 10 0 1 | IO: 0 | Flags: (False, False, True)
[11:20:31.522 [Information] Snapped main pointer 4
[11:20:31.522 [Warning] Main stack pointer: 4 | Main TOS: 1 | Main stack: 0 0 100 1 1 1 | Buffer stack pointer: 3 | Buffer TOS: 1 | Buffer stack: 0 10 0 1 | IO: 0 | Flags: (False, False, True)
[11:20:31.522 [Information] Reload buffer pointer 3
[11:20:31.522 [Warning] Main stack pointer: 4 | Main TOS: 1 | Main stack: 0 0 100 1 1 1 | Buffer stack pointer: 3 | Buffer TOS: 1 | Buffer stack: 0 10 0 1 | IO: 0 | Flags: (False, False, True)
[11:20:31.522 [Information] Snapped null
[11:20:31.522 [Warning] Main stack pointer: 4 | Main TOS: 1 | Main stack: 0 0 100 1 1 1 | Buffer stack pointer: 3 | Buffer TOS: 1 | Buffer stack: 0 10 0 1 | IO: 0 | Flags: (False, False, True)
[11:20:31.522 [Information] Snapped alu (0, 3)
[11:20:31.522 [Warning] Main stack pointer: 4 | Main TOS: 1 | Main stack: 0 0 100 1 1 1 | Buffer stack pointer: 3 | Buffer TOS: 1 | Buffer stack: 0 10 0 1 | IO: 0 | Flags: (False, False, True)
[11:20:31.522 [Information] Alu operation: Dec
[11:20:31.522 [Warning] Main stack pointer: 4 | Main TOS: 1 | Main stack: 0 0 100 1 1 1 | Buffer stack pointer: 3 | Buffer TOS: 1 | Buffer stack: 0 10 0 1 | IO: 0 | Flags: (False, False, True)
[11:20:31.522 [Information] Snapped buffer pointer 2
[11:20:31.522 [Warning] Main stack pointer: 4 | Main TOS: 1 | Main stack: 0 0 100 1 1 1 | Buffer stack pointer: 2 | Buffer TOS: 1 | Buffer stack: 0 10 0 1 | IO: 0 | Flags: (False, False, True)
[11:20:31.522 [Information] Reload buffer stack 0
[11:20:31.522 [Warning] Main stack pointer: 4 | Main TOS: 1 | Main stack: 0 0 100 1 1 1 | Buffer stack pointer: 2 | Buffer TOS: 1 | Buffer stack: 0 10 0 1 | IO: 0 | Flags: (False, False, True)
[11:20:31.522 [Information] Snapped buffer TOS 0
[11:20:31.522 [Warning] Main stack pointer: 4 | Main TOS: 1 | Main stack: 0 0 100 1 1 1 | Buffer stack pointer: 2 | Buffer TOS: 0 | Buffer stack: 0 10 0 1 | IO: 0 | Flags: (False, False, True)
[11:20:31.522 [Information] Reload buffer pointer 2
[11:20:31.522 [Warning] Main stack pointer: 4 | Main TOS: 1 | Main stack: 0 0 100 1 1 1 | Buffer stack pointer: 2 | Buffer TOS: 0 | Buffer stack: 0 10 0 1 | IO: 0 | Flags: (False, False, True)
[11:20:31.522 [Information] Snapped null
[11:20:31.522 [Warning] Main stack pointer: 4 | Main TOS: 1 | Main stack: 0 0 100 1 1 1 | Buffer stack pointer: 2 | Buffer TOS: 0 | Buffer stack: 0 10 0 1 | IO: 0 | Flags: (False, False, True)
[11:20:31.522 [Information] Snapped alu (0, 2)
[11:20:31.522 [Warning] Main stack pointer: 4 | Main TOS: 1 | Main stack: 0 0 100 1 1 1 | Buffer stack pointer: 2 | Buffer TOS: 0 | Buffer stack: 0 10 0 1 | IO: 0 | Flags: (False, False, True)
[11:20:31.522 [Information] Alu operation: Dec
[11:20:31.522 [Warning] Main stack pointer: 4 | Main TOS: 1 | Main stack: 0 0 100 1 1 1 | Buffer stack pointer: 2 | Buffer TOS: 0 | Buffer stack: 0 10 0 1 | IO: 0 | Flags: (False, False, True)
[11:20:31.522 [Information] Snapped buffer pointer 1
[11:20:31.522 [Warning] Main stack pointer: 4 | Main TOS: 1 | Main stack: 0 0 100 1 1 1 | Buffer stack pointer: 1 | Buffer TOS: 0 | Buffer stack: 0 10 0 1 | IO: 0 | Flags: (False, False, True)
[11:20:31.522 [Information] Reload main stack 1
[11:20:31.522 [Warning] Main stack pointer: 4 | Main TOS: 1 | Main stack: 0 0 100 1 1 1 | Buffer stack pointer: 1 | Buffer TOS: 0 | Buffer stack: 0 10 0 1 | IO: 0 | Flags: (False, False, True)
[11:20:31.522 [Information] Reload main TOS 1
[11:20:31.522 [Warning] Main stack pointer: 4 | Main TOS: 1 | Main stack: 0 0 100 1 1 1 | Buffer stack pointer: 1 | Buffer TOS: 0 | Buffer stack: 0 10 0 1 | IO: 0 | Flags: (False, False, True)
[11:20:31.522 [Information] Snapped alu (1, 1)
[11:20:31.522 [Warning] Main stack pointer: 4 | Main TOS: 1 | Main stack: 0 0 100 1 1 1 | Buffer stack pointer: 1 | Buffer TOS: 0 | Buffer stack: 0 10 0 1 | IO: 0 | Flags: (False, False, True)
[11:20:31.522 [Information] Alu operation: Add
[11:20:31.522 [Warning] Main stack pointer: 4 | Main TOS: 1 | Main stack: 0 0 100 1 1 1 | Buffer stack pointer: 1 | Buffer TOS: 0 | Buffer stack: 0 10 0 1 | IO: 0 | Flags: (False, False, True)
[11:20:31.522 [Information] Snapped flags (False, False, True)
[11:20:31.522 [Warning] Main stack pointer: 4 | Main TOS: 1 | Main stack: 0 0 100 1 1 1 | Buffer stack pointer: 1 | Buffer TOS: 0 | Buffer stack: 0 10 0 1 | IO: 0 | Flags: (False, False, True)
[11:20:31.522 [Information] Snapped main TOS 2
[11:20:31.522 [Warning] Main stack pointer: 4 | Main TOS: 2 | Main stack: 0 0 100 1 1 1 | Buffer stack pointer: 1 | Buffer TOS: 0 | Buffer stack: 0 10 0 1 | IO: 0 | Flags: (False, False, True)
[11:20:31.522 [Information] Reload main pointer 4
[11:20:31.522 [Warning] Main stack pointer: 4 | Main TOS: 2 | Main stack: 0 0 100 1 1 1 | Buffer stack pointer: 1 | Buffer TOS: 0 | Buffer stack: 0 10 0 1 | IO: 0 | Flags: (False, False, True)
[11:20:31.522 [Information] Snapped null
[11:20:31.522 [Warning] Main stack pointer: 4 | Main TOS: 2 | Main stack: 0 0 100 1 1 1 | Buffer stack pointer: 1 | Buffer TOS: 0 | Buffer stack: 0 10 0 1 | IO: 0 | Flags: (False, False, True)
[11:20:31.522 [Information] Snapped alu (0, 4)
[11:20:31.522 [Warning] Main stack pointer: 4 | Main TOS: 2 | Main stack: 0 0 100 1 1 1 | Buffer stack pointer: 1 | Buffer TOS: 0 | Buffer stack: 0 10 0 1 | IO: 0 | Flags: (False, False, True)
[11:20:31.522 [Information] Alu operation: Dec
[11:20:31.522 [Warning] Main stack pointer: 4 | Main TOS: 2 | Main stack: 0 0 100 1 1 1 | Buffer stack pointer: 1 | Buffer TOS: 0 | Buffer stack: 0 10 0 1 | IO: 0 | Flags: (False, False, True)
[11:20:31.522 [Information] Snapped main pointer 3
[11:20:31.522 [Warning] Main stack pointer: 3 | Main TOS: 2 | Main stack: 0 0 100 1 1 1 | Buffer stack pointer: 1 | Buffer TOS: 0 | Buffer stack: 0 10 0 1 | IO: 0 | Flags: (False, False, True)
[11:20:31.522 [Information] Reload buffer TOS 0
[11:20:31.522 [Warning] Main stack pointer: 3 | Main TOS: 2 | Main stack: 0 0 100 1 1 1 | Buffer stack pointer: 1 | Buffer TOS: 0 | Buffer stack: 0 10 0 1 | IO: 0 | Flags: (False, False, True)
[11:20:31.522 [Information] Snapped null
[11:20:31.522 [Warning] Main stack pointer: 3 | Main TOS: 2 | Main stack: 0 0 100 1 1 1 | Buffer stack pointer: 1 | Buffer TOS: 0 | Buffer stack: 0 10 0 1 | IO: 0 | Flags: (False, False, True)
[11:20:31.522 [Information] Snapped alu (0, 0)
[11:20:31.522 [Warning] Main stack pointer: 3 | Main TOS: 2 | Main stack: 0 0 100 1 1 1 | Buffer stack pointer: 1 | Buffer TOS: 0 | Buffer stack: 0 10 0 1 | IO: 0 | Flags: (False, False, True)
[11:20:31.522 [Information] Alu operation: Inc
[11:20:31.522 [Warning] Main stack pointer: 3 | Main TOS: 2 | Main stack: 0 0 100 1 1 1 | Buffer stack pointer: 1 | Buffer TOS: 0 | Buffer stack: 0 10 0 1 | IO: 0 | Flags: (False, False, True)
[11:20:31.522 [Information] Snapped buffer TOS 1
[11:20:31.522 [Warning] Main stack pointer: 3 | Main TOS: 2 | Main stack: 0 0 100 1 1 1 | Buffer stack pointer: 1 | Buffer TOS: 1 | Buffer stack: 0 10 0 1 | IO: 0 | Flags: (False, False, True)
[11:20:31.522 [Information] Reload buffer stack 10
[11:20:31.522 [Warning] Main stack pointer: 3 | Main TOS: 2 | Main stack: 0 0 100 1 1 1 | Buffer stack pointer: 1 | Buffer TOS: 1 | Buffer stack: 0 10 0 1 | IO: 0 | Flags: (False, False, True)
[11:20:31.522 [Information] Reload buffer TOS 1
[11:20:31.522 [Warning] Main stack pointer: 3 | Main TOS: 2 | Main stack: 0 0 100 1 1 1 | Buffer stack pointer: 1 | Buffer TOS: 1 | Buffer stack: 0 10 0 1 | IO: 0 | Flags: (False, False, True)
[11:20:31.522 [Information] Snapped alu (10, 1)
[11:20:31.522 [Warning] Main stack pointer: 3 | Main TOS: 2 | Main stack: 0 0 100 1 1 1 | Buffer stack pointer: 1 | Buffer TOS: 1 | Buffer stack: 0 10 0 1 | IO: 0 | Flags: (False, False, True)
[11:20:31.522 [Information] Alu operation: Less
[11:20:31.522 [Warning] Main stack pointer: 3 | Main TOS: 2 | Main stack: 0 0 100 1 1 1 | Buffer stack pointer: 1 | Buffer TOS: 1 | Buffer stack: 0 10 0 1 | IO: 0 | Flags: (False, False, True)
[11:20:31.522 [Information] Snapped flags (False, False, True)
[11:20:31.522 [Warning] Main stack pointer: 3 | Main TOS: 2 | Main stack: 0 0 100 1 1 1 | Buffer stack pointer: 1 | Buffer TOS: 1 | Buffer stack: 0 10 0 1 | IO: 0 | Flags: (False, False, True)
[11:20:31.522 [Information] Reload main pointer 3
[11:20:31.522 [Warning] Main stack pointer: 3 | Main TOS: 2 | Main stack: 0 0 100 1 1 1 | Buffer stack pointer: 1 | Buffer TOS: 1 | Buffer stack: 0 10 0 1 | IO: 0 | Flags: (False, False, True)
[11:20:31.522 [Information] Snapped null
[11:20:31.522 [Warning] Main stack pointer: 3 | Main TOS: 2 | Main stack: 0 0 100 1 1 1 | Buffer stack pointer: 1 | Buffer TOS: 1 | Buffer stack: 0 10 0 1 | IO: 0 | Flags: (False, False, True)
[11:20:31.522 [Information] Snapped alu (0, 3)
[11:20:31.522 [Warning] Main stack pointer: 3 | Main TOS: 2 | Main stack: 0 0 100 1 1 1 | Buffer stack pointer: 1 | Buffer TOS: 1 | Buffer stack: 0 10 0 1 | IO: 0 | Flags: (False, False, True)
[11:20:31.522 [Information] Alu operation: Inc
[11:20:31.522 [Warning] Main stack pointer: 3 | Main TOS: 2 | Main stack: 0 0 100 1 1 1 | Buffer stack pointer: 1 | Buffer TOS: 1 | Buffer stack: 0 10 0 1 | IO: 0 | Flags: (False, False, True)
[11:20:31.522 [Information] Snapped main pointer 4
[11:20:31.522 [Warning] Main stack pointer: 4 | Main TOS: 2 | Main stack: 0 0 100 1 1 1 | Buffer stack pointer: 1 | Buffer TOS: 1 | Buffer stack: 0 10 0 1 | IO: 0 | Flags: (False, False, True)
[11:20:31.522 [Information] Reload main TOS 2
[11:20:31.522 [Warning] Main stack pointer: 4 | Main TOS: 2 | Main stack: 0 0 100 1 1 1 | Buffer stack pointer: 1 | Buffer TOS: 1 | Buffer stack: 0 10 0 1 | IO: 0 | Flags: (False, False, True)
[11:20:31.522 [Information] Snapped main stack 2
[11:20:31.522 [Warning] Main stack pointer: 4 | Main TOS: 2 | Main stack: 0 0 100 1 2 1 | Buffer stack pointer: 1 | Buffer TOS: 1 | Buffer stack: 0 10 0 1 | IO: 0 | Flags: (False, False, True)
[11:20:31.522 [Information] Reload main pointer 4
[11:20:31.522 [Warning] Main stack pointer: 4 | Main TOS: 2 | Main stack: 0 0 100 1 2 1 | Buffer stack pointer: 1 | Buffer TOS: 1 | Buffer stack: 0 10 0 1 | IO: 0 | Flags: (False, False, True)
[11:20:31.522 [Information] Snapped null
[11:20:31.522 [Warning] Main stack pointer: 4 | Main TOS: 2 | Main stack: 0 0 100 1 2 1 | Buffer stack pointer: 1 | Buffer TOS: 1 | Buffer stack: 0 10 0 1 | IO: 0 | Flags: (False, False, True)
[11:20:31.523 [Information] Snapped alu (0, 4)
[11:20:31.523 [Warning] Main stack pointer: 4 | Main TOS: 2 | Main stack: 0 0 100 1 2 1 | Buffer stack pointer: 1 | Buffer TOS: 1 | Buffer stack: 0 10 0 1 | IO: 0 | Flags: (False, False, True)
[11:20:31.523 [Information] Alu operation: Inc
[11:20:31.523 [Warning] Main stack pointer: 4 | Main TOS: 2 | Main stack: 0 0 100 1 2 1 | Buffer stack pointer: 1 | Buffer TOS: 1 | Buffer stack: 0 10 0 1 | IO: 0 | Flags: (False, False, True)
[11:20:31.523 [Information] Snapped main pointer 5
[11:20:31.523 [Warning] Main stack pointer: 5 | Main TOS: 2 | Main stack: 0 0 100 1 2 1 | Buffer stack pointer: 1 | Buffer TOS: 1 | Buffer stack: 0 10 0 1 | IO: 0 | Flags: (False, False, True)
[11:20:31.523 [Information] Reload main TOS 2
[11:20:31.523 [Warning] Main stack pointer: 5 | Main TOS: 2 | Main stack: 0 0 100 1 2 1 | Buffer stack pointer: 1 | Buffer TOS: 1 | Buffer stack: 0 10 0 1 | IO: 0 | Flags: (False, False, True)
[11:20:31.523 [Information] Snapped main stack 2
[11:20:31.523 [Warning] Main stack pointer: 5 | Main TOS: 2 | Main stack: 0 0 100 1 2 2 | Buffer stack pointer: 1 | Buffer TOS: 1 | Buffer stack: 0 10 0 1 | IO: 0 | Flags: (False, False, True)
[11:20:31.523 [Information] Reload memory 1
[11:20:31.523 [Warning] Main stack pointer: 5 | Main TOS: 2 | Main stack: 0 0 100 1 2 2 | Buffer stack pointer: 1 | Buffer TOS: 1 | Buffer stack: 0 10 0 1 | IO: 0 | Flags: (False, False, True)
[11:20:31.523 [Information] Snapped main TOS 1
[11:20:31.523 [Warning] Main stack pointer: 5 | Main TOS: 1 | Main stack: 0 0 100 1 2 2 | Buffer stack pointer: 1 | Buffer TOS: 1 | Buffer stack: 0 10 0 1 | IO: 0 | Flags: (False, False, True)
[11:20:31.523 [Information] Reload main stack 2
[11:20:31.523 [Warning] Main stack pointer: 5 | Main TOS: 1 | Main stack: 0 0 100 1 2 2 | Buffer stack pointer: 1 | Buffer TOS: 1 | Buffer stack: 0 10 0 1 | IO: 0 | Flags: (False, False, True)
[11:20:31.523 [Information] Reload main TOS 1
[11:20:31.523 [Warning] Main stack pointer: 5 | Main TOS: 1 | Main stack: 0 0 100 1 2 2 | Buffer stack pointer: 1 | Buffer TOS: 1 | Buffer stack: 0 10 0 1 | IO: 0 | Flags: (False, False, True)
[11:20:31.523 [Information] Snapped alu (2, 1)
[11:20:31.523 [Warning] Main stack pointer: 5 | Main TOS: 1 | Main stack: 0 0 100 1 2 2 | Buffer stack pointer: 1 | Buffer TOS: 1 | Buffer stack: 0 10 0 1 | IO: 0 | Flags: (False, False, True)
[11:20:31.523 [Information] Alu operation: And
[11:20:31.523 [Warning] Main stack pointer: 5 | Main TOS: 1 | Main stack: 0 0 100 1 2 2 | Buffer stack pointer: 1 | Buffer TOS: 1 | Buffer stack: 0 10 0 1 | IO: 0 | Flags: (False, False, True)
[11:20:31.523 [Information] Snapped flags (False, True, True)
[11:20:31.523 [Warning] Main stack pointer: 5 | Main TOS: 1 | Main stack: 0 0 100 1 2 2 | Buffer stack pointer: 1 | Buffer TOS: 1 | Buffer stack: 0 10 0 1 | IO: 0 | Flags: (False, True, True)
[11:20:31.523 [Information] Snapped main TOS 0
[11:20:31.523 [Warning] Main stack pointer: 5 | Main TOS: 0 | Main stack: 0 0 100 1 2 2 | Buffer stack pointer: 1 | Buffer TOS: 1 | Buffer stack: 0 10 0 1 | IO: 0 | Flags: (False, True, True)
[11:20:31.523 [Information] Reload main pointer 5
[11:20:31.523 [Warning] Main stack pointer: 5 | Main TOS: 0 | Main stack: 0 0 100 1 2 2 | Buffer stack pointer: 1 | Buffer TOS: 1 | Buffer stack: 0 10 0 1 | IO: 0 | Flags: (False, True, True)
[11:20:31.523 [Information] Snapped null
[11:20:31.523 [Warning] Main stack pointer: 5 | Main TOS: 0 | Main stack: 0 0 100 1 2 2 | Buffer stack pointer: 1 | Buffer TOS: 1 | Buffer stack: 0 10 0 1 | IO: 0 | Flags: (False, True, True)
[11:20:31.523 [Information] Snapped alu (0, 5)
[11:20:31.523 [Warning] Main stack pointer: 5 | Main TOS: 0 | Main stack: 0 0 100 1 2 2 | Buffer stack pointer: 1 | Buffer TOS: 1 | Buffer stack: 0 10 0 1 | IO: 0 | Flags: (False, True, True)
[11:20:31.523 [Information] Alu operation: Dec
[11:20:31.523 [Warning] Main stack pointer: 5 | Main TOS: 0 | Main stack: 0 0 100 1 2 2 | Buffer stack pointer: 1 | Buffer TOS: 1 | Buffer stack: 0 10 0 1 | IO: 0 | Flags: (False, True, True)
[11:20:31.523 [Information] Snapped main pointer 4
[11:20:31.523 [Warning] Main stack pointer: 4 | Main TOS: 0 | Main stack: 0 0 100 1 2 2 | Buffer stack pointer: 1 | Buffer TOS: 1 | Buffer stack: 0 10 0 1 | IO: 0 | Flags: (False, True, True)
[11:20:31.523 [Information] Reload main stack 2
[11:20:31.523 [Warning] Main stack pointer: 4 | Main TOS: 0 | Main stack: 0 0 100 1 2 2 | Buffer stack pointer: 1 | Buffer TOS: 1 | Buffer stack: 0 10 0 1 | IO: 0 | Flags: (False, True, True)
[11:20:31.523 [Information] Reload main TOS 0
[11:20:31.523 [Warning] Main stack pointer: 4 | Main TOS: 0 | Main stack: 0 0 100 1 2 2 | Buffer stack pointer: 1 | Buffer TOS: 1 | Buffer stack: 0 10 0 1 | IO: 0 | Flags: (False, True, True)
[11:20:31.523 [Information] Snapped null
[11:20:31.523 [Warning] Main stack pointer: 4 | Main TOS: 0 | Main stack: 0 0 100 1 2 2 | Buffer stack pointer: 1 | Buffer TOS: 1 | Buffer stack: 0 10 0 1 | IO: 0 | Flags: (False, True, True)
[11:20:31.523 [Information] Snapped alu (0, 0)
[11:20:31.523 [Warning] Main stack pointer: 4 | Main TOS: 0 | Main stack: 0 0 100 1 2 2 | Buffer stack pointer: 1 | Buffer TOS: 1 | Buffer stack: 0 10 0 1 | IO: 0 | Flags: (False, True, True)
[11:20:31.523 [Information] Alu operation: Or
[11:20:31.523 [Warning] Main stack pointer: 4 | Main TOS: 0 | Main stack: 0 0 100 1 2 2 | Buffer stack pointer: 1 | Buffer TOS: 1 | Buffer stack: 0 10 0 1 | IO: 0 | Flags: (False, True, True)
[11:20:31.523 [Information] Snapped flags (False, True, True)
[11:20:31.523 [Warning] Main stack pointer: 4 | Main TOS: 0 | Main stack: 0 0 100 1 2 2 | Buffer stack pointer: 1 | Buffer TOS: 1 | Buffer stack: 0 10 0 1 | IO: 0 | Flags: (False, True, True)
[11:20:31.523 [Information] Reload main pointer 4
[11:20:31.523 [Warning] Main stack pointer: 4 | Main TOS: 0 | Main stack: 0 0 100 1 2 2 | Buffer stack pointer: 1 | Buffer TOS: 1 | Buffer stack: 0 10 0 1 | IO: 0 | Flags: (False, True, True)
[11:20:31.523 [Information] Snapped null
[11:20:31.523 [Warning] Main stack pointer: 4 | Main TOS: 0 | Main stack: 0 0 100 1 2 2 | Buffer stack pointer: 1 | Buffer TOS: 1 | Buffer stack: 0 10 0 1 | IO: 0 | Flags: (False, True, True)
[11:20:31.523 [Information] Snapped alu (0, 4)
[11:20:31.523 [Warning] Main stack pointer: 4 | Main TOS: 0 | Main stack: 0 0 100 1 2 2 | Buffer stack pointer: 1 | Buffer TOS: 1 | Buffer stack: 0 10 0 1 | IO: 0 | Flags: (False, True, True)
[11:20:31.523 [Information] Alu operation: Inc
[11:20:31.523 [Warning] Main stack pointer: 4 | Main TOS: 0 | Main stack: 0 0 100 1 2 2 | Buffer stack pointer: 1 | Buffer TOS: 1 | Buffer stack: 0 10 0 1 | IO: 0 | Flags: (False, True, True)
[11:20:31.523 [Information] Snapped main pointer 5
[11:20:31.523 [Warning] Main stack pointer: 5 | Main TOS: 0 | Main stack: 0 0 100 1 2 2 | Buffer stack pointer: 1 | Buffer TOS: 1 | Buffer stack: 0 10 0 1 | IO: 0 | Flags: (False, True, True)
[11:20:31.523 [Information] Reload main TOS 0
[11:20:31.523 [Warning] Main stack pointer: 5 | Main TOS: 0 | Main stack: 0 0 100 1 2 2 | Buffer stack pointer: 1 | Buffer TOS: 1 | Buffer stack: 0 10 0 1 | IO: 0 | Flags: (False, True, True)
[11:20:31.523 [Information] Snapped main stack 0
[11:20:31.523 [Warning] Main stack pointer: 5 | Main TOS: 0 | Main stack: 0 0 100 1 2 0 | Buffer stack pointer: 1 | Buffer TOS: 1 | Buffer stack: 0 10 0 1 | IO: 0 | Flags: (False, True, True)
[11:20:31.523 [Information] Reload memory 100
[11:20:31.523 [Warning] Main stack pointer: 5 | Main TOS: 0 | Main stack: 0 0 100 1 2 0 | Buffer stack pointer: 1 | Buffer TOS: 1 | Buffer stack: 0 10 0 1 | IO: 0 | Flags: (False, True, True)
[11:20:31.523 [Information] Snapped main TOS 100
[11:20:31.523 [Warning] Main stack pointer: 5 | Main TOS: 100 | Main stack: 0 0 100 1 2 0 | Buffer stack pointer: 1 | Buffer TOS: 1 | Buffer stack: 0 10 0 1 | IO: 0 | Flags: (False, True, True)
[11:20:31.523 [Information] Reload main pointer 5
[11:20:31.523 [Warning] Main stack pointer: 5 | Main TOS: 100 | Main stack: 0 0 100 1 2 0 | Buffer stack pointer: 1 | Buffer TOS: 1 | Buffer stack: 0 10 0 1 | IO: 0 | Flags: (False, True, True)
[11:20:31.523 [Information] Snapped null
[11:20:31.523 [Warning] Main stack pointer: 5 | Main TOS: 100 | Main stack: 0 0 100 1 2 0 | Buffer stack pointer: 1 | Buffer TOS: 1 | Buffer stack: 0 10 0 1 | IO: 0 | Flags: (False, True, True)
[11:20:31.523 [Information] Snapped alu (0, 5)
[11:20:31.523 [Warning] Main stack pointer: 5 | Main TOS: 100 | Main stack: 0 0 100 1 2 0 | Buffer stack pointer: 1 | Buffer TOS: 1 | Buffer stack: 0 10 0 1 | IO: 0 | Flags: (False, True, True)
[11:20:31.523 [Information] Alu operation: Inc
[11:20:31.523 [Warning] Main stack pointer: 5 | Main TOS: 100 | Main stack: 0 0 100 1 2 0 | Buffer stack pointer: 1 | Buffer TOS: 1 | Buffer stack: 0 10 0 1 | IO: 0 | Flags: (False, True, True)
[11:20:31.523 [Information] Snapped main pointer 6
[11:20:31.523 [Warning] Main stack pointer: 6 | Main TOS: 100 | Main stack: 0 0 100 1 2 0 | Buffer stack pointer: 1 | Buffer TOS: 1 | Buffer stack: 0 10 0 1 | IO: 0 | Flags: (False, True, True)
[11:20:31.523 [Information] Reload main TOS 100
[11:20:31.523 [Warning] Main stack pointer: 6 | Main TOS: 100 | Main stack: 0 0 100 1 2 0 | Buffer stack pointer: 1 | Buffer TOS: 1 | Buffer stack: 0 10 0 1 | IO: 0 | Flags: (False, True, True)
[11:20:31.523 [Information] Snapped main stack 100
[11:20:31.523 [Warning] Main stack pointer: 6 | Main TOS: 100 | Main stack: 0 0 100 1 2 0 100 | Buffer stack pointer: 1 | Buffer TOS: 1 | Buffer stack: 0 10 0 1 | IO: 0 | Flags: (False, True, True)
[11:20:31.523 [Information] Reload memory 1
[11:20:31.523 [Warning] Main stack pointer: 6 | Main TOS: 100 | Main stack: 0 0 100 1 2 0 100 | Buffer stack pointer: 1 | Buffer TOS: 1 | Buffer stack: 0 10 0 1 | IO: 0 | Flags: (False, True, True)
[11:20:31.523 [Information] Snapped main TOS 1
[11:20:31.523 [Warning] Main stack pointer: 6 | Main TOS: 1 | Main stack: 0 0 100 1 2 0 100 | Buffer stack pointer: 1 | Buffer TOS: 1 | Buffer stack: 0 10 0 1 | IO: 0 | Flags: (False, True, True)
[11:20:31.523 [Information] Reload main stack 100
[11:20:31.523 [Warning] Main stack pointer: 6 | Main TOS: 1 | Main stack: 0 0 100 1 2 0 100 | Buffer stack pointer: 1 | Buffer TOS: 1 | Buffer stack: 0 10 0 1 | IO: 0 | Flags: (False, True, True)
[11:20:31.523 [Information] Reload main TOS 1
[11:20:31.523 [Warning] Main stack pointer: 6 | Main TOS: 1 | Main stack: 0 0 100 1 2 0 100 | Buffer stack pointer: 1 | Buffer TOS: 1 | Buffer stack: 0 10 0 1 | IO: 0 | Flags: (False, True, True)
[11:20:31.523 [Information] Snapped alu (100, 1)
[11:20:31.523 [Warning] Main stack pointer: 6 | Main TOS: 1 | Main stack: 0 0 100 1 2 0 100 | Buffer stack pointer: 1 | Buffer TOS: 1 | Buffer stack: 0 10 0 1 | IO: 0 | Flags: (False, True, True)
[11:20:31.523 [Information] Alu operation: Subtract
[11:20:31.523 [Warning] Main stack pointer: 6 | Main TOS: 1 | Main stack: 0 0 100 1 2 0 100 | Buffer stack pointer: 1 | Buffer TOS: 1 | Buffer stack: 0 10 0 1 | IO: 0 | Flags: (False, True, True)
[11:20:31.523 [Information] Snapped flags (False, False, True)
[11:20:31.523 [Warning] Main stack pointer: 6 | Main TOS: 1 | Main stack: 0 0 100 1 2 0 100 | Buffer stack pointer: 1 | Buffer TOS: 1 | Buffer stack: 0 10 0 1 | IO: 0 | Flags: (False, False, True)
[11:20:31.523 [Information] Snapped main TOS 99
[11:20:31.523 [Warning] Main stack pointer: 6 | Main TOS: 99 | Main stack: 0 0 100 1 2 0 100 | Buffer stack pointer: 1 | Buffer TOS: 1 | Buffer stack: 0 10 0 1 | IO: 0 | Flags: (False, False, True)
[11:20:31.523 [Information] Reload main pointer 6
[11:20:31.523 [Warning] Main stack pointer: 6 | Main TOS: 99 | Main stack: 0 0 100 1 2 0 100 | Buffer stack pointer: 1 | Buffer TOS: 1 | Buffer stack: 0 10 0 1 | IO: 0 | Flags: (False, False, True)
[11:20:31.523 [Information] Snapped null
[11:20:31.523 [Warning] Main stack pointer: 6 | Main TOS: 99 | Main stack: 0 0 100 1 2 0 100 | Buffer stack pointer: 1 | Buffer TOS: 1 | Buffer stack: 0 10 0 1 | IO: 0 | Flags: (False, False, True)
[11:20:31.523 [Information] Snapped alu (0, 6)
[11:20:31.523 [Warning] Main stack pointer: 6 | Main TOS: 99 | Main stack: 0 0 100 1 2 0 100 | Buffer stack pointer: 1 | Buffer TOS: 1 | Buffer stack: 0 10 0 1 | IO: 0 | Flags: (False, False, True)
[11:20:31.523 [Information] Alu operation: Dec
[11:20:31.523 [Warning] Main stack pointer: 6 | Main TOS: 99 | Main stack: 0 0 100 1 2 0 100 | Buffer stack pointer: 1 | Buffer TOS: 1 | Buffer stack: 0 10 0 1 | IO: 0 | Flags: (False, False, True)
[11:20:31.523 [Information] Snapped main pointer 5
[11:20:31.523 [Warning] Main stack pointer: 5 | Main TOS: 99 | Main stack: 0 0 100 1 2 0 100 | Buffer stack pointer: 1 | Buffer TOS: 1 | Buffer stack: 0 10 0 1 | IO: 0 | Flags: (False, False, True)
[11:20:31.523 [Information] Reload main pointer 5
[11:20:31.523 [Warning] Main stack pointer: 5 | Main TOS: 99 | Main stack: 0 0 100 1 2 0 100 | Buffer stack pointer: 1 | Buffer TOS: 1 | Buffer stack: 0 10 0 1 | IO: 0 | Flags: (False, False, True)
[11:20:31.523 [Information] Snapped null
[11:20:31.523 [Warning] Main stack pointer: 5 | Main TOS: 99 | Main stack: 0 0 100 1 2 0 100 | Buffer stack pointer: 1 | Buffer TOS: 1 | Buffer stack: 0 10 0 1 | IO: 0 | Flags: (False, False, True)
[11:20:31.523 [Information] Snapped alu (0, 5)
[11:20:31.523 [Warning] Main stack pointer: 5 | Main TOS: 99 | Main stack: 0 0 100 1 2 0 100 | Buffer stack pointer: 1 | Buffer TOS: 1 | Buffer stack: 0 10 0 1 | IO: 0 | Flags: (False, False, True)
[11:20:31.523 [Information] Alu operation: Inc
[11:20:31.523 [Warning] Main stack pointer: 5 | Main TOS: 99 | Main stack: 0 0 100 1 2 0 100 | Buffer stack pointer: 1 | Buffer TOS: 1 | Buffer stack: 0 10 0 1 | IO: 0 | Flags: (False, False, True)
[11:20:31.523 [Information] Snapped main pointer 6
[11:20:31.523 [Warning] Main stack pointer: 6 | Main TOS: 99 | Main stack: 0 0 100 1 2 0 100 | Buffer stack pointer: 1 | Buffer TOS: 1 | Buffer stack: 0 10 0 1 | IO: 0 | Flags: (False, False, True)
[11:20:31.523 [Information] Reload main TOS 99
[11:20:31.523 [Warning] Main stack pointer: 6 | Main TOS: 99 | Main stack: 0 0 100 1 2 0 100 | Buffer stack pointer: 1 | Buffer TOS: 1 | Buffer stack: 0 10 0 1 | IO: 0 | Flags: (False, False, True)
[11:20:31.523 [Information] Snapped main stack 99
[11:20:31.523 [Warning] Main stack pointer: 6 | Main TOS: 99 | Main stack: 0 0 100 1 2 0 99 | Buffer stack pointer: 1 | Buffer TOS: 1 | Buffer stack: 0 10 0 1 | IO: 0 | Flags: (False, False, True)
[11:20:31.523 [Information] Reload memory 
[11:20:31.523 [Warning] Main stack pointer: 6 | Main TOS: 99 | Main stack: 0 0 100 1 2 0 99 | Buffer stack pointer: 1 | Buffer TOS: 1 | Buffer stack: 0 10 0 1 | IO: 0 | Flags: (False, False, True)
