[23:42:54.844 [Information] Imitation started
[23:42:54.860 [Information] 1 loaded to memory at 0
[23:42:54.860 [Information] 2 loaded to memory at 1
[23:42:54.860 [Information] + loaded to memory at 2
[23:42:54.860 [Information] . loaded to memory at 3
[23:42:54.860 [Information]  loaded to memory at 4
[23:42:54.860 [Information] _ loaded to memory at 5
[23:42:54.869 [Information] Reload main pointer -1
[23:42:54.870 [Warning] Main stack pointer: -1 | Main TOS: 0 | Main stack: | Buffer stack pointer: -1 | Buffer TOS: 0 | Buffer stack: | IO: 0 | Flags: (False, False, False)
[23:42:54.870 [Information] Snapped null
[23:42:54.870 [Warning] Main stack pointer: -1 | Main TOS: 0 | Main stack: | Buffer stack pointer: -1 | Buffer TOS: 0 | Buffer stack: | IO: 0 | Flags: (False, False, False)
[23:42:54.870 [Information] Snapped alu (0, -1)
[23:42:54.870 [Warning] Main stack pointer: -1 | Main TOS: 0 | Main stack: | Buffer stack pointer: -1 | Buffer TOS: 0 | Buffer stack: | IO: 0 | Flags: (False, False, False)
[23:42:54.872 [Information] Alu operation: Inc
[23:42:54.872 [Warning] Main stack pointer: -1 | Main TOS: 0 | Main stack: | Buffer stack pointer: -1 | Buffer TOS: 0 | Buffer stack: | IO: 0 | Flags: (False, False, False)
[23:42:54.872 [Information] Snapped main pointer 0
[23:42:54.872 [Warning] Main stack pointer: 0 | Main TOS: 0 | Main stack: | Buffer stack pointer: -1 | Buffer TOS: 0 | Buffer stack: | IO: 0 | Flags: (False, False, False)
[23:42:54.873 [Information] Reload main TOS 0
[23:42:54.873 [Warning] Main stack pointer: 0 | Main TOS: 0 | Main stack: | Buffer stack pointer: -1 | Buffer TOS: 0 | Buffer stack: | IO: 0 | Flags: (False, False, False)
[23:42:54.873 [Information] Snapped main stack 0
[23:42:54.873 [Warning] Main stack pointer: 0 | Main TOS: 0 | Main stack: 0 | Buffer stack pointer: -1 | Buffer TOS: 0 | Buffer stack: | IO: 0 | Flags: (False, False, False)
[23:42:54.873 [Information] Reload memory 1
[23:42:54.873 [Warning] Main stack pointer: 0 | Main TOS: 0 | Main stack: 0 | Buffer stack pointer: -1 | Buffer TOS: 0 | Buffer stack: | IO: 0 | Flags: (False, False, False)
[23:42:54.873 [Information] Snapped main TOS 1
[23:42:54.873 [Warning] Main stack pointer: 0 | Main TOS: 1 | Main stack: 0 | Buffer stack pointer: -1 | Buffer TOS: 0 | Buffer stack: | IO: 0 | Flags: (False, False, False)
[23:42:54.873 [Information] Reload main pointer 0
[23:42:54.873 [Warning] Main stack pointer: 0 | Main TOS: 1 | Main stack: 0 | Buffer stack pointer: -1 | Buffer TOS: 0 | Buffer stack: | IO: 0 | Flags: (False, False, False)
[23:42:54.873 [Information] Snapped null
[23:42:54.873 [Warning] Main stack pointer: 0 | Main TOS: 1 | Main stack: 0 | Buffer stack pointer: -1 | Buffer TOS: 0 | Buffer stack: | IO: 0 | Flags: (False, False, False)
[23:42:54.873 [Information] Snapped alu (0, 0)
[23:42:54.873 [Warning] Main stack pointer: 0 | Main TOS: 1 | Main stack: 0 | Buffer stack pointer: -1 | Buffer TOS: 0 | Buffer stack: | IO: 0 | Flags: (False, False, False)
[23:42:54.873 [Information] Alu operation: Inc
[23:42:54.873 [Warning] Main stack pointer: 0 | Main TOS: 1 | Main stack: 0 | Buffer stack pointer: -1 | Buffer TOS: 0 | Buffer stack: | IO: 0 | Flags: (False, False, False)
[23:42:54.873 [Information] Snapped main pointer 1
[23:42:54.873 [Warning] Main stack pointer: 1 | Main TOS: 1 | Main stack: 0 | Buffer stack pointer: -1 | Buffer TOS: 0 | Buffer stack: | IO: 0 | Flags: (False, False, False)
[23:42:54.873 [Information] Reload main TOS 1
[23:42:54.873 [Warning] Main stack pointer: 1 | Main TOS: 1 | Main stack: 0 | Buffer stack pointer: -1 | Buffer TOS: 0 | Buffer stack: | IO: 0 | Flags: (False, False, False)
[23:42:54.873 [Information] Snapped main stack 1
[23:42:54.873 [Warning] Main stack pointer: 1 | Main TOS: 1 | Main stack: 0 1 | Buffer stack pointer: -1 | Buffer TOS: 0 | Buffer stack: | IO: 0 | Flags: (False, False, False)
[23:42:54.873 [Information] Reload memory 2
[23:42:54.873 [Warning] Main stack pointer: 1 | Main TOS: 1 | Main stack: 0 1 | Buffer stack pointer: -1 | Buffer TOS: 0 | Buffer stack: | IO: 0 | Flags: (False, False, False)
[23:42:54.873 [Information] Snapped main TOS 2
[23:42:54.873 [Warning] Main stack pointer: 1 | Main TOS: 2 | Main stack: 0 1 | Buffer stack pointer: -1 | Buffer TOS: 0 | Buffer stack: | IO: 0 | Flags: (False, False, False)
[23:42:54.873 [Information] Reload main TOS 2
[23:42:54.873 [Warning] Main stack pointer: 1 | Main TOS: 2 | Main stack: 0 1 | Buffer stack pointer: -1 | Buffer TOS: 0 | Buffer stack: | IO: 0 | Flags: (False, False, False)
[23:42:54.874 [Information] Reload main stack 1
[23:42:54.874 [Warning] Main stack pointer: 1 | Main TOS: 2 | Main stack: 0 1 | Buffer stack pointer: -1 | Buffer TOS: 0 | Buffer stack: | IO: 0 | Flags: (False, False, False)
[23:42:54.874 [Information] Snapped alu (1, 2)
[23:42:54.874 [Warning] Main stack pointer: 1 | Main TOS: 2 | Main stack: 0 1 | Buffer stack pointer: -1 | Buffer TOS: 0 | Buffer stack: | IO: 0 | Flags: (False, False, False)
[23:42:54.874 [Information] Alu operation: Add
[23:42:54.874 [Warning] Main stack pointer: 1 | Main TOS: 2 | Main stack: 0 1 | Buffer stack pointer: -1 | Buffer TOS: 0 | Buffer stack: | IO: 0 | Flags: (False, False, False)
[23:42:54.874 [Information] Snapped flags (False, False, False)
[23:42:54.874 [Warning] Main stack pointer: 1 | Main TOS: 2 | Main stack: 0 1 | Buffer stack pointer: -1 | Buffer TOS: 0 | Buffer stack: | IO: 0 | Flags: (False, False, False)
[23:42:54.874 [Information] Snapped main TOS 3
[23:42:54.874 [Warning] Main stack pointer: 1 | Main TOS: 3 | Main stack: 0 1 | Buffer stack pointer: -1 | Buffer TOS: 0 | Buffer stack: | IO: 0 | Flags: (False, False, False)
[23:42:54.874 [Information] Reload main pointer 1
[23:42:54.874 [Warning] Main stack pointer: 1 | Main TOS: 3 | Main stack: 0 1 | Buffer stack pointer: -1 | Buffer TOS: 0 | Buffer stack: | IO: 0 | Flags: (False, False, False)
[23:42:54.874 [Information] Snapped null
[23:42:54.874 [Warning] Main stack pointer: 1 | Main TOS: 3 | Main stack: 0 1 | Buffer stack pointer: -1 | Buffer TOS: 0 | Buffer stack: | IO: 0 | Flags: (False, False, False)
[23:42:54.874 [Information] Snapped alu (0, 1)
[23:42:54.874 [Warning] Main stack pointer: 1 | Main TOS: 3 | Main stack: 0 1 | Buffer stack pointer: -1 | Buffer TOS: 0 | Buffer stack: | IO: 0 | Flags: (False, False, False)
[23:42:54.874 [Information] Alu operation: Dec
[23:42:54.874 [Warning] Main stack pointer: 1 | Main TOS: 3 | Main stack: 0 1 | Buffer stack pointer: -1 | Buffer TOS: 0 | Buffer stack: | IO: 0 | Flags: (False, False, False)
[23:42:54.874 [Information] Snapped main pointer 0
[23:42:54.874 [Warning] Main stack pointer: 0 | Main TOS: 3 | Main stack: 0 1 | Buffer stack pointer: -1 | Buffer TOS: 0 | Buffer stack: | IO: 0 | Flags: (False, False, False)
[23:42:54.874 [Information] Reload main TOS 3
[23:42:54.874 [Warning] Main stack pointer: 0 | Main TOS: 3 | Main stack: 0 1 | Buffer stack pointer: -1 | Buffer TOS: 0 | Buffer stack: | IO: 0 | Flags: (False, False, False)
[23:42:54.874 [Information] Snapped IO 3
[23:42:54.874 [Warning] Main stack pointer: 0 | Main TOS: 3 | Main stack: 0 1 | Buffer stack pointer: -1 | Buffer TOS: 0 | Buffer stack: | IO: 3 | Flags: (False, False, False)
[23:42:54.874 [Information] Reload main pointer 0
[23:42:54.874 [Warning] Main stack pointer: 0 | Main TOS: 3 | Main stack: 0 1 | Buffer stack pointer: -1 | Buffer TOS: 0 | Buffer stack: | IO: 3 | Flags: (False, False, False)
[23:42:54.874 [Information] Reload main stack 0
[23:42:54.874 [Warning] Main stack pointer: 0 | Main TOS: 3 | Main stack: 0 1 | Buffer stack pointer: -1 | Buffer TOS: 0 | Buffer stack: | IO: 3 | Flags: (False, False, False)
[23:42:54.874 [Information] Snapped main TOS 0
[23:42:54.874 [Warning] Main stack pointer: 0 | Main TOS: 0 | Main stack: 0 1 | Buffer stack pointer: -1 | Buffer TOS: 0 | Buffer stack: | IO: 3 | Flags: (False, False, False)
[23:42:54.874 [Information] Reload main pointer 0
[23:42:54.874 [Warning] Main stack pointer: 0 | Main TOS: 0 | Main stack: 0 1 | Buffer stack pointer: -1 | Buffer TOS: 0 | Buffer stack: | IO: 3 | Flags: (False, False, False)
[23:42:54.874 [Information] Snapped null
[23:42:54.874 [Warning] Main stack pointer: 0 | Main TOS: 0 | Main stack: 0 1 | Buffer stack pointer: -1 | Buffer TOS: 0 | Buffer stack: | IO: 3 | Flags: (False, False, False)
[23:42:54.874 [Information] Snapped alu (0, 0)
[23:42:54.874 [Warning] Main stack pointer: 0 | Main TOS: 0 | Main stack: 0 1 | Buffer stack pointer: -1 | Buffer TOS: 0 | Buffer stack: | IO: 3 | Flags: (False, False, False)
[23:42:54.874 [Information] Alu operation: Dec
[23:42:54.874 [Warning] Main stack pointer: 0 | Main TOS: 0 | Main stack: 0 1 | Buffer stack pointer: -1 | Buffer TOS: 0 | Buffer stack: | IO: 3 | Flags: (False, False, False)
[23:42:54.874 [Information] Snapped main pointer -1
[23:42:54.874 [Warning] Main stack pointer: -1 | Main TOS: 0 | Main stack: 0 1 | Buffer stack pointer: -1 | Buffer TOS: 0 | Buffer stack: | IO: 3 | Flags: (False, False, False)
